---------------------------------------
Checking SOFA_ROOT and SOFAPYTHON3_ROOT
Using environment variable SOFA_ROOT: /home/wen-zheng/miniconda3/envs/sofanew
---------------------------------------
[INFO]    [PluginManager] Loaded plugin: /home/wen-zheng/miniconda3/envs/sofanew/lib/libSofa.Component.AnimationLoop.so
[INFO]    [PluginManager] Loaded plugin: /home/wen-zheng/miniconda3/envs/sofanew/lib/libSofa.Component.Collision.Detection.Algorithm.so
[INFO]    [PluginManager] Loaded plugin: /home/wen-zheng/miniconda3/envs/sofanew/lib/libSofa.Component.Collision.Detection.Intersection.so
[INFO]    [PluginManager] Loaded plugin: /home/wen-zheng/miniconda3/envs/sofanew/lib/libSofa.Component.Collision.Geometry.so
[INFO]    [PluginManager] Loaded plugin: /home/wen-zheng/miniconda3/envs/sofanew/lib/libSofa.Component.Collision.Response.Contact.so
[INFO]    [PluginManager] Loaded plugin: /home/wen-zheng/miniconda3/envs/sofanew/lib/libSofa.Component.Constraint.Lagrangian.Correction.so
[INFO]    [PluginManager] Loaded plugin: /home/wen-zheng/miniconda3/envs/sofanew/lib/libSofa.Component.Constraint.Lagrangian.Solver.so
[INFO]    [PluginManager] Loaded plugin: /home/wen-zheng/miniconda3/envs/sofanew/lib/libSofa.Component.Constraint.Projective.so
[INFO]    [PluginManager] Loaded plugin: /home/wen-zheng/miniconda3/envs/sofanew/lib/libSofa.Component.IO.Mesh.so
[INFO]    [PluginManager] Loaded plugin: /home/wen-zheng/miniconda3/envs/sofanew/lib/libSofa.Component.LinearSolver.Direct.so
[INFO]    [PluginManager] Loaded plugin: /home/wen-zheng/miniconda3/envs/sofanew/lib/libSofa.Component.Mapping.Linear.so
[INFO]    [PluginManager] Loaded plugin: /home/wen-zheng/miniconda3/envs/sofanew/lib/libSofa.Component.Mass.so
[INFO]    [PluginManager] Loaded plugin: /home/wen-zheng/miniconda3/envs/sofanew/lib/libSofa.Component.MechanicalLoad.so
[INFO]    [PluginManager] Loaded plugin: /home/wen-zheng/miniconda3/envs/sofanew/lib/libSofa.Component.ODESolver.Backward.so
[INFO]    [PluginManager] Loaded plugin: /home/wen-zheng/miniconda3/envs/sofanew/lib/libSofa.Component.SolidMechanics.Spring.so
[INFO]    [PluginManager] Loaded plugin: /home/wen-zheng/miniconda3/envs/sofanew/lib/libSofa.Component.StateContainer.so
[INFO]    [PluginManager] Loaded plugin: /home/wen-zheng/miniconda3/envs/sofanew/lib/libSofa.Component.Setting.so
[INFO]    [PluginManager] Loaded plugin: /home/wen-zheng/miniconda3/envs/sofanew/lib/libSofa.Component.Topology.Container.Constant.so
[INFO]    [PluginManager] Loaded plugin: /home/wen-zheng/miniconda3/envs/sofanew/lib/libSofa.Component.Topology.Container.Dynamic.so
[INFO]    [PluginManager] Loaded plugin: /home/wen-zheng/miniconda3/envs/sofanew/lib/libSofa.Component.Topology.Container.Grid.so
[INFO]    [PluginManager] Loaded plugin: /home/wen-zheng/miniconda3/envs/sofanew/lib/libSofa.Component.Topology.Mapping.so
[INFO]    [PluginManager] Loaded plugin: /home/wen-zheng/miniconda3/envs/sofanew/lib/libSofa.Component.Visual.so
[INFO]    [PluginManager] Loaded plugin: /home/wen-zheng/miniconda3/envs/sofanew/lib/libSofa.GL.Component.Rendering3D.so
[INFO]    [SofaPython3] Initializing with python version 3.12.13 | packaged by Anaconda, Inc. | (main, Mar 19 2026, 20:20:58) [GCC 14.3.0]
<string>:2: DeprecationWarning: scipy.misc is deprecated and will be removed in 2.0.0
[INFO]    [SofaPython3] Added '/home/wen-zheng/miniconda3/envs/sofanew/lib/python2.7/site-packages' to sys.path
[INFO]    [SofaPython3] Added '/home/wen-zheng/miniconda3/envs/sofanew/lib/python3.12/site-packages' to sys.path
[INFO]    [PluginManager] Loaded plugin: /home/wen-zheng/miniconda3/envs/sofanew/lib/libSofaPython3.so
[WARNING] [RequiredPlugin(ImportSofaPython3)] No component has been registered from SofaPython3.
It could be because: 
 - the entrypoint registerObjects() has not been implemented;
 - (deprecated since v24.12) no sofa::core::RegisterObject() has been called;
 - your plugin does not add any component (i.e BaseObject) into the factory. In that case, RequiredPlugin is not useful for this kind of plugin.
[WARNING] [RegisterObject] BeamInterpolation: Implicit object registration is deprecated since v24.12. Check #4429 for more information.
[WARNING] [RegisterObject] WireBeamInterpolation: Implicit object registration is deprecated since v24.12. Check #4429 for more information.
[WARNING] [RegisterObject] AdaptiveBeamSlidingConstraint: Implicit object registration is deprecated since v24.12. Check #4429 for more information.
[WARNING] [RegisterObject] AdaptiveBeamLengthConstraint: Implicit object registration is deprecated since v24.12. Check #4429 for more information.
[WARNING] [RegisterObject] AdaptiveBeamController: Implicit object registration is deprecated since v24.12. Check #4429 for more information.
[WARNING] [RegisterObject] BeamAdapterActionController: Implicit object registration is deprecated since v24.12. Check #4429 for more information.
[WARNING] [RegisterObject] InterventionalRadiologyController: Implicit object registration is deprecated since v24.12. Check #4429 for more information.
[WARNING] [RegisterObject] SutureController: Implicit object registration is deprecated since v24.12. Check #4429 for more information.
[WARNING] [RegisterObject] WireRestShape: Implicit object registration is deprecated since v24.12. Check #4429 for more information.
[WARNING] [RegisterObject] SteerableCatheter: Implicit object registration is deprecated since v24.12. Check #4429 for more information.
[WARNING] [RegisterObject] AdaptiveBeamForceFieldAndMass: Implicit object registration is deprecated since v24.12. Check #4429 for more information.
[WARNING] [RegisterObject] AdaptiveInflatableBeamForceField: Implicit object registration is deprecated since v24.12. Check #4429 for more information.
[WARNING] [RegisterObject] AdaptiveBeamMapping: Implicit object registration is deprecated since v24.12. Check #4429 for more information.
[WARNING] [RegisterObject] BeamLengthMapping: Implicit object registration is deprecated since v24.12. Check #4429 for more information.
[WARNING] [RegisterObject] BeamProjectionDifferenceMultiMapping: Implicit object registration is deprecated since v24.12. Check #4429 for more information.
[WARNING] [RegisterObject] MultiAdaptiveBeamMapping: Implicit object registration is deprecated since v24.12. Check #4429 for more information.
[WARNING] [RegisterObject] RodMeshSection: Implicit object registration is deprecated since v24.12. Check #4429 for more information.
[WARNING] [RegisterObject] RodSpireSection: Implicit object registration is deprecated since v24.12. Check #4429 for more information.
[WARNING] [RegisterObject] RodStraightSection: Implicit object registration is deprecated since v24.12. Check #4429 for more information.
[INFO]    [PluginManager] Loaded plugin: /home/wen-zheng/miniconda3/envs/sofanew/lib/libBeamAdapter.so
[WARNING] [RegisterObject] CableConstraint: Implicit object registration is deprecated since v24.12. Check #4429 for more information.
[WARNING] [RegisterObject] PartialRigidificationConstraint: Implicit object registration is deprecated since v24.12. Check #4429 for more information.
[WARNING] [RegisterObject] PositionConstraint: Implicit object registration is deprecated since v24.12. Check #4429 for more information.
[WARNING] [RegisterObject] SurfacePressureConstraint: Implicit object registration is deprecated since v24.12. Check #4429 for more information.
[WARNING] [RegisterObject] UnilateralPlaneConstraint: Implicit object registration is deprecated since v24.12. Check #4429 for more information.
[WARNING] [RegisterObject] JointConstraint: Implicit object registration is deprecated since v24.12. Check #4429 for more information.
[WARNING] [RegisterObject] AnimationEditor: Implicit object registration is deprecated since v24.12. Check #4429 for more information.
[WARNING] [RegisterObject] DataVariationLimiter: Implicit object registration is deprecated since v24.12. Check #4429 for more information.
[WARNING] [RegisterObject] SerialPortBridgeGeneric: Implicit object registration is deprecated since v24.12. Check #4429 for more information.
[WARNING] [RegisterObject] CenterOfMass: Implicit object registration is deprecated since v24.12. Check #4429 for more information.
[WARNING] [RegisterObject] VolumeFromTriangles: Implicit object registration is deprecated since v24.12. Check #4429 for more information.
[WARNING] [RegisterObject] VolumeFromTetrahedrons: Implicit object registration is deprecated since v24.12. Check #4429 for more information.
[WARNING] [RegisterObject] PREquivalentStiffnessForceField: Implicit object registration is deprecated since v24.12. Check #4429 for more information.
[WARNING] [RegisterObject] PartialRigidificationForceField: Implicit object registration is deprecated since v24.12. Check #4429 for more information.
[WARNING] [RegisterObject] PipeForceField: Implicit object registration is deprecated since v24.12. Check #4429 for more information.
[INFO]    [PluginManager] Loaded plugin: /home/wen-zheng/miniconda3/envs/sofanew/lib/libSTLIB.so
[INFO]    [PluginManager] Loaded plugin: /home/wen-zheng/miniconda3/envs/sofanew/lib/libSoftRobots.so
[INFO]    [WireRestShape(InstrRestShape)] Link wireMaterials = @Section_0 @Section_1 @Section_2 @Section_3 @Section_4 @Section_5 @Section_6
[INFO]    [WireRestShape(InstrRestShape)]   @Section_0 = RodStraightSection<StdRigidTypes<3u,double>> Section_0
[INFO]    [WireRestShape(InstrRestShape)]   @Section_1 = RodStraightSection<StdRigidTypes<3u,double>> Section_1
[INFO]    [WireRestShape(InstrRestShape)]   @Section_2 = RodStraightSection<StdRigidTypes<3u,double>> Section_2
[INFO]    [WireRestShape(InstrRestShape)]   @Section_3 = RodStraightSection<StdRigidTypes<3u,double>> Section_3
[INFO]    [WireRestShape(InstrRestShape)]   @Section_4 = RodStraightSection<StdRigidTypes<3u,double>> Section_4
[INFO]    [WireRestShape(InstrRestShape)]   @Section_5 = RodStraightSection<StdRigidTypes<3u,double>> Section_5
[INFO]    [WireRestShape(InstrRestShape)]   @Section_6 = RodStraightSection<StdRigidTypes<3u,double>> Section_6
[DEPRECATED] [BruteForceDetection(N2)] As a replacement, use a BroadPhase component, such as [BruteForceBroadPhase, IncrSAP],  
  AND a NarrowPhase component, such as [BVHNarrowPhase, DirectSAPNarrowPhase, IncrSAP, RayTraceNarrowPhase].  
  BruteForceBroadPhase and BVHNarrowPhase have been automatically added to your scene for backward compatibility.
[INFO]    [WireRestShape(InstrRestShape)] found topology named meshLinesGuide
[INFO]    [WireRestShape(InstrRestShape)] WireRestShape end init
[INFO]    [InterventionalRadiologyController(m_ircontroller)] 1 instrument(s) found (WireBeamInterpolation)
[INFO]    [AdaptiveBeamMapping(VisuMapCath)] No point defined in the AdaptiveBeamMapping - uses positions defined by Mechanical State
[INFO]    [WireBeamInterpolation(InterpolGuide)] external controller for this ForceField is detected
[INFO]    [AdaptiveBeamMapping(VisuMapCath)] No beams found in adaptBeamInterpolation in BeamInterpolation namedInterpolGuide
[INFO]    [AdaptiveBeamMapping(VisuMapCath)] No beams found in adaptBeamInterpolation in BeamInterpolation namedInterpolGuide
[INFO]    [AdaptiveBeamMapping(VisuMapCath)] No beams found in adaptBeamInterpolation in BeamInterpolation namedInterpolGuide
[INFO]    [WireBeamInterpolation(InterpolGuide)] external controller for this ForceField is detected
Starting Workspace MC Simulation (Mode=3, Samples=2000)...
ControllerSofa Heartbeat: Simulation is running (Step 100)
ControllerSofa Heartbeat: Simulation is running (Step 200)
ControllerSofa Heartbeat: Simulation is running (Step 300)
ControllerSofa Heartbeat: Simulation is running (Step 400)
ControllerSofa Heartbeat: Simulation is running (Step 500)
ControllerSofa Heartbeat: Simulation is running (Step 600)
ControllerSofa Heartbeat: Simulation is running (Step 700)
ControllerSofa Heartbeat: Simulation is running (Step 800)
[3-Mag] 1/2000: Tip Z=-0.0mm | Mid Z=-0.0mm
ControllerSofa Heartbeat: Simulation is running (Step 900)
ControllerSofa Heartbeat: Simulation is running (Step 1000)
ControllerSofa Heartbeat: Simulation is running (Step 1100)
ControllerSofa Heartbeat: Simulation is running (Step 1200)
[3-Mag] 2/2000: Tip Z=-0.0mm | Mid Z=-0.0mm
ControllerSofa Heartbeat: Simulation is running (Step 1300)
ControllerSofa Heartbeat: Simulation is running (Step 1400)
ControllerSofa Heartbeat: Simulation is running (Step 1500)
ControllerSofa Heartbeat: Simulation is running (Step 1600)
[3-Mag] 3/2000: Tip Z=-0.0mm | Mid Z=-0.0mm
ControllerSofa Heartbeat: Simulation is running (Step 1700)
ControllerSofa Heartbeat: Simulation is running (Step 1800)
ControllerSofa Heartbeat: Simulation is running (Step 1900)
ControllerSofa Heartbeat: Simulation is running (Step 2000)
[3-Mag] 4/2000: Tip Z=-0.0mm | Mid Z=-0.0mm
ControllerSofa Heartbeat: Simulation is running (Step 2100)
ControllerSofa Heartbeat: Simulation is running (Step 2200)
ControllerSofa Heartbeat: Simulation is running (Step 2300)
ControllerSofa Heartbeat: Simulation is running (Step 2400)
[3-Mag] 5/2000: Tip Z=-0.0mm | Mid Z=-0.0mm
ControllerSofa Heartbeat: Simulation is running (Step 2500)
ControllerSofa Heartbeat: Simulation is running (Step 2600)
ControllerSofa Heartbeat: Simulation is running (Step 2700)
ControllerSofa Heartbeat: Simulation is running (Step 2800)
[3-Mag] 6/2000: Tip Z=-0.0mm | Mid Z=-0.0mm
ControllerSofa Heartbeat: Simulation is running (Step 2900)
ControllerSofa Heartbeat: Simulation is running (Step 3000)
ControllerSofa Heartbeat: Simulation is running (Step 3100)
ControllerSofa Heartbeat: Simulation is running (Step 3200)
[3-Mag] 7/2000: Tip Z=-0.0mm | Mid Z=-0.0mm
ControllerSofa Heartbeat: Simulation is running (Step 3300)
ControllerSofa Heartbeat: Simulation is running (Step 3400)
ControllerSofa Heartbeat: Simulation is running (Step 3500)
ControllerSofa Heartbeat: Simulation is running (Step 3600)
[3-Mag] 8/2000: Tip Z=0.0mm | Mid Z=0.0mm
ControllerSofa Heartbeat: Simulation is running (Step 3700)
ControllerSofa Heartbeat: Simulation is running (Step 3800)
ControllerSofa Heartbeat: Simulation is running (Step 3900)
ControllerSofa Heartbeat: Simulation is running (Step 4000)
[3-Mag] 9/2000: Tip Z=-0.0mm | Mid Z=-0.0mm
ControllerSofa Heartbeat: Simulation is running (Step 4100)
ControllerSofa Heartbeat: Simulation is running (Step 4200)
ControllerSofa Heartbeat: Simulation is running (Step 4300)
ControllerSofa Heartbeat: Simulation is running (Step 4400)
[3-Mag] 10/2000: Tip Z=0.0mm | Mid Z=0.0mm
ControllerSofa Heartbeat: Simulation is running (Step 4500)
ControllerSofa Heartbeat: Simulation is running (Step 4600)
ControllerSofa Heartbeat: Simulation is running (Step 4700)
ControllerSofa Heartbeat: Simulation is running (Step 4800)
[3-Mag] 11/2000: Tip Z=0.0mm | Mid Z=0.0mm
ControllerSofa Heartbeat: Simulation is running (Step 4900)
ControllerSofa Heartbeat: Simulation is running (Step 5000)
ControllerSofa Heartbeat: Simulation is running (Step 5100)
ControllerSofa Heartbeat: Simulation is running (Step 5200)
[3-Mag] 12/2000: Tip Z=0.0mm | Mid Z=-0.0mm
ControllerSofa Heartbeat: Simulation is running (Step 5300)
ControllerSofa Heartbeat: Simulation is running (Step 5400)
ControllerSofa Heartbeat: Simulation is running (Step 5500)
ControllerSofa Heartbeat: Simulation is running (Step 5600)
[3-Mag] 13/2000: Tip Z=-0.0mm | Mid Z=-0.0mm
ControllerSofa Heartbeat: Simulation is running (Step 5700)
ControllerSofa Heartbeat: Simulation is running (Step 5800)
ControllerSofa Heartbeat: Simulation is running (Step 5900)
ControllerSofa Heartbeat: Simulation is running (Step 6000)
[3-Mag] 14/2000: Tip Z=0.0mm | Mid Z=0.0mm
ControllerSofa Heartbeat: Simulation is running (Step 6100)
ControllerSofa Heartbeat: Simulation is running (Step 6200)
ControllerSofa Heartbeat: Simulation is running (Step 6300)
ControllerSofa Heartbeat: Simulation is running (Step 6400)
[3-Mag] 15/2000: Tip Z=0.0mm | Mid Z=0.0mm
ControllerSofa Heartbeat: Simulation is running (Step 6500)
ControllerSofa Heartbeat: Simulation is running (Step 6600)
ControllerSofa Heartbeat: Simulation is running (Step 6700)
ControllerSofa Heartbeat: Simulation is running (Step 6800)
[3-Mag] 16/2000: Tip Z=0.0mm | Mid Z=0.0mm
ControllerSofa Heartbeat: Simulation is running (Step 6900)
ControllerSofa Heartbeat: Simulation is running (Step 7000)
ControllerSofa Heartbeat: Simulation is running (Step 7100)
ControllerSofa Heartbeat: Simulation is running (Step 7200)
[3-Mag] 17/2000: Tip Z=0.0mm | Mid Z=0.0mm
ControllerSofa Heartbeat: Simulation is running (Step 7300)
ControllerSofa Heartbeat: Simulation is running (Step 7400)
ControllerSofa Heartbeat: Simulation is running (Step 7500)
ControllerSofa Heartbeat: Simulation is running (Step 7600)
[3-Mag] 18/2000: Tip Z=0.0mm | Mid Z=0.0mm
ControllerSofa Heartbeat: Simulation is running (Step 7700)
ControllerSofa Heartbeat: Simulation is running (Step 7800)
ControllerSofa Heartbeat: Simulation is running (Step 7900)
ControllerSofa Heartbeat: Simulation is running (Step 8000)
[3-Mag] 19/2000: Tip Z=0.0mm | Mid Z=0.0mm
ControllerSofa Heartbeat: Simulation is running (Step 8100)
ControllerSofa Heartbeat: Simulation is running (Step 8200)
ControllerSofa Heartbeat: Simulation is running (Step 8300)
ControllerSofa Heartbeat: Simulation is running (Step 8400)
[3-Mag] 20/2000: Tip Z=0.0mm | Mid Z=0.0mm
ControllerSofa Heartbeat: Simulation is running (Step 8500)
ControllerSofa Heartbeat: Simulation is running (Step 8600)
ControllerSofa Heartbeat: Simulation is running (Step 8700)
ControllerSofa Heartbeat: Simulation is running (Step 8800)
[3-Mag] 21/2000: Tip Z=0.0mm | Mid Z=0.0mm
ControllerSofa Heartbeat: Simulation is running (Step 8900)
ControllerSofa Heartbeat: Simulation is running (Step 9000)
ControllerSofa Heartbeat: Simulation is running (Step 9100)
ControllerSofa Heartbeat: Simulation is running (Step 9200)
[3-Mag] 22/2000: Tip Z=0.0mm | Mid Z=0.0mm
ControllerSofa Heartbeat: Simulation is running (Step 9300)
ControllerSofa Heartbeat: Simulation is running (Step 9400)
ControllerSofa Heartbeat: Simulation is running (Step 9500)
ControllerSofa Heartbeat: Simulation is running (Step 9600)
[3-Mag] 23/2000: Tip Z=0.0mm | Mid Z=0.0mm
ControllerSofa Heartbeat: Simulation is running (Step 9700)
ControllerSofa Heartbeat: Simulation is running (Step 9800)
ControllerSofa Heartbeat: Simulation is running (Step 9900)
ControllerSofa Heartbeat: Simulation is running (Step 10000)
[3-Mag] 24/2000: Tip Z=0.0mm | Mid Z=0.0mm
ControllerSofa Heartbeat: Simulation is running (Step 10100)
ControllerSofa Heartbeat: Simulation is running (Step 10200)
ControllerSofa Heartbeat: Simulation is running (Step 10300)
ControllerSofa Heartbeat: Simulation is running (Step 10400)
[3-Mag] 25/2000: Tip Z=0.0mm | Mid Z=0.0mm
ControllerSofa Heartbeat: Simulation is running (Step 10500)
ControllerSofa Heartbeat: Simulation is running (Step 10600)
ControllerSofa Heartbeat: Simulation is running (Step 10700)
ControllerSofa Heartbeat: Simulation is running (Step 10800)
[3-Mag] 26/2000: Tip Z=-0.0mm | Mid Z=-0.0mm
ControllerSofa Heartbeat: Simulation is running (Step 10900)
ControllerSofa Heartbeat: Simulation is running (Step 11000)
ControllerSofa Heartbeat: Simulation is running (Step 11100)
ControllerSofa Heartbeat: Simulation is running (Step 11200)
[3-Mag] 27/2000: Tip Z=0.0mm | Mid Z=0.0mm
ControllerSofa Heartbeat: Simulation is running (Step 11300)
ControllerSofa Heartbeat: Simulation is running (Step 11400)
ControllerSofa Heartbeat: Simulation is running (Step 11500)
ControllerSofa Heartbeat: Simulation is running (Step 11600)
[3-Mag] 28/2000: Tip Z=-0.0mm | Mid Z=-0.0mm
ControllerSofa Heartbeat: Simulation is running (Step 11700)
ControllerSofa Heartbeat: Simulation is running (Step 11800)
ControllerSofa Heartbeat: Simulation is running (Step 11900)
ControllerSofa Heartbeat: Simulation is running (Step 12000)
[3-Mag] 29/2000: Tip Z=-0.0mm | Mid Z=-0.0mm
ControllerSofa Heartbeat: Simulation is running (Step 12100)
ControllerSofa Heartbeat: Simulation is running (Step 12200)
ControllerSofa Heartbeat: Simulation is running (Step 12300)
ControllerSofa Heartbeat: Simulation is running (Step 12400)
[3-Mag] 30/2000: Tip Z=0.0mm | Mid Z=0.0mm
ControllerSofa Heartbeat: Simulation is running (Step 12500)
ControllerSofa Heartbeat: Simulation is running (Step 12600)
ControllerSofa Heartbeat: Simulation is running (Step 12700)
ControllerSofa Heartbeat: Simulation is running (Step 12800)
[3-Mag] 31/2000: Tip Z=0.0mm | Mid Z=0.0mm
ControllerSofa Heartbeat: Simulation is running (Step 12900)
ControllerSofa Heartbeat: Simulation is running (Step 13000)
ControllerSofa Heartbeat: Simulation is running (Step 13100)
ControllerSofa Heartbeat: Simulation is running (Step 13200)
[3-Mag] 32/2000: Tip Z=0.0mm | Mid Z=0.0mm
ControllerSofa Heartbeat: Simulation is running (Step 13300)
ControllerSofa Heartbeat: Simulation is running (Step 13400)
ControllerSofa Heartbeat: Simulation is running (Step 13500)
ControllerSofa Heartbeat: Simulation is running (Step 13600)
[3-Mag] 33/2000: Tip Z=-0.0mm | Mid Z=0.0mm
ControllerSofa Heartbeat: Simulation is running (Step 13700)
ControllerSofa Heartbeat: Simulation is running (Step 13800)
ControllerSofa Heartbeat: Simulation is running (Step 13900)
ControllerSofa Heartbeat: Simulation is running (Step 14000)
[3-Mag] 34/2000: Tip Z=-0.0mm | Mid Z=-0.0mm
ControllerSofa Heartbeat: Simulation is running (Step 14100)
ControllerSofa Heartbeat: Simulation is running (Step 14200)
ControllerSofa Heartbeat: Simulation is running (Step 14300)
ControllerSofa Heartbeat: Simulation is running (Step 14400)
[3-Mag] 35/2000: Tip Z=-0.0mm | Mid Z=-0.0mm
ControllerSofa Heartbeat: Simulation is running (Step 14500)
ControllerSofa Heartbeat: Simulation is running (Step 14600)
ControllerSofa Heartbeat: Simulation is running (Step 14700)
ControllerSofa Heartbeat: Simulation is running (Step 14800)
[3-Mag] 36/2000: Tip Z=-0.0mm | Mid Z=-0.0mm
ControllerSofa Heartbeat: Simulation is running (Step 14900)
ControllerSofa Heartbeat: Simulation is running (Step 15000)
ControllerSofa Heartbeat: Simulation is running (Step 15100)
ControllerSofa Heartbeat: Simulation is running (Step 15200)
[3-Mag] 37/2000: Tip Z=-0.0mm | Mid Z=-0.0mm
ControllerSofa Heartbeat: Simulation is running (Step 15300)
ControllerSofa Heartbeat: Simulation is running (Step 15400)
ControllerSofa Heartbeat: Simulation is running (Step 15500)
ControllerSofa Heartbeat: Simulation is running (Step 15600)
[3-Mag] 38/2000: Tip Z=0.0mm | Mid Z=0.0mm
ControllerSofa Heartbeat: Simulation is running (Step 15700)
ControllerSofa Heartbeat: Simulation is running (Step 15800)
ControllerSofa Heartbeat: Simulation is running (Step 15900)
ControllerSofa Heartbeat: Simulation is running (Step 16000)
[3-Mag] 39/2000: Tip Z=0.0mm | Mid Z=0.0mm
ControllerSofa Heartbeat: Simulation is running (Step 16100)
ControllerSofa Heartbeat: Simulation is running (Step 16200)
ControllerSofa Heartbeat: Simulation is running (Step 16300)
ControllerSofa Heartbeat: Simulation is running (Step 16400)
[3-Mag] 40/2000: Tip Z=0.0mm | Mid Z=0.0mm
ControllerSofa Heartbeat: Simulation is running (Step 16500)
ControllerSofa Heartbeat: Simulation is running (Step 16600)
ControllerSofa Heartbeat: Simulation is running (Step 16700)
ControllerSofa Heartbeat: Simulation is running (Step 16800)
[3-Mag] 41/2000: Tip Z=0.0mm | Mid Z=0.0mm
ControllerSofa Heartbeat: Simulation is running (Step 16900)
ControllerSofa Heartbeat: Simulation is running (Step 17000)
ControllerSofa Heartbeat: Simulation is running (Step 17100)
ControllerSofa Heartbeat: Simulation is running (Step 17200)
[3-Mag] 42/2000: Tip Z=0.0mm | Mid Z=0.0mm
ControllerSofa Heartbeat: Simulation is running (Step 17300)
ControllerSofa Heartbeat: Simulation is running (Step 17400)
ControllerSofa Heartbeat: Simulation is running (Step 17500)
ControllerSofa Heartbeat: Simulation is running (Step 17600)
[3-Mag] 43/2000: Tip Z=0.0mm | Mid Z=0.0mm
ControllerSofa Heartbeat: Simulation is running (Step 17700)
ControllerSofa Heartbeat: Simulation is running (Step 17800)
ControllerSofa Heartbeat: Simulation is running (Step 17900)
ControllerSofa Heartbeat: Simulation is running (Step 18000)
[3-Mag] 44/2000: Tip Z=-0.0mm | Mid Z=-0.0mm
ControllerSofa Heartbeat: Simulation is running (Step 18100)
ControllerSofa Heartbeat: Simulation is running (Step 18200)
ControllerSofa Heartbeat: Simulation is running (Step 18300)
ControllerSofa Heartbeat: Simulation is running (Step 18400)
[3-Mag] 45/2000: Tip Z=0.0mm | Mid Z=0.0mm
ControllerSofa Heartbeat: Simulation is running (Step 18500)
ControllerSofa Heartbeat: Simulation is running (Step 18600)
ControllerSofa Heartbeat: Simulation is running (Step 18700)
ControllerSofa Heartbeat: Simulation is running (Step 18800)
[3-Mag] 46/2000: Tip Z=0.0mm | Mid Z=0.0mm
ControllerSofa Heartbeat: Simulation is running (Step 18900)
ControllerSofa Heartbeat: Simulation is running (Step 19000)
ControllerSofa Heartbeat: Simulation is running (Step 19100)
ControllerSofa Heartbeat: Simulation is running (Step 19200)
[3-Mag] 47/2000: Tip Z=0.0mm | Mid Z=0.0mm
ControllerSofa Heartbeat: Simulation is running (Step 19300)
ControllerSofa Heartbeat: Simulation is running (Step 19400)
ControllerSofa Heartbeat: Simulation is running (Step 19500)
ControllerSofa Heartbeat: Simulation is running (Step 19600)
[3-Mag] 48/2000: Tip Z=0.0mm | Mid Z=0.0mm
ControllerSofa Heartbeat: Simulation is running (Step 19700)
ControllerSofa Heartbeat: Simulation is running (Step 19800)
ControllerSofa Heartbeat: Simulation is running (Step 19900)
ControllerSofa Heartbeat: Simulation is running (Step 20000)
[3-Mag] 49/2000: Tip Z=0.0mm | Mid Z=0.0mm
ControllerSofa Heartbeat: Simulation is running (Step 20100)
ControllerSofa Heartbeat: Simulation is running (Step 20200)
ControllerSofa Heartbeat: Simulation is running (Step 20300)
ControllerSofa Heartbeat: Simulation is running (Step 20400)
[3-Mag] 50/2000: Tip Z=-0.0mm | Mid Z=-0.0mm
ControllerSofa Heartbeat: Simulation is running (Step 20500)
ControllerSofa Heartbeat: Simulation is running (Step 20600)
ControllerSofa Heartbeat: Simulation is running (Step 20700)
ControllerSofa Heartbeat: Simulation is running (Step 20800)
[3-Mag] 51/2000: Tip Z=-0.0mm | Mid Z=0.0mm
ControllerSofa Heartbeat: Simulation is running (Step 20900)
ControllerSofa Heartbeat: Simulation is running (Step 21000)
ControllerSofa Heartbeat: Simulation is running (Step 21100)
ControllerSofa Heartbeat: Simulation is running (Step 21200)
[3-Mag] 52/2000: Tip Z=-0.0mm | Mid Z=-0.0mm
ControllerSofa Heartbeat: Simulation is running (Step 21300)
ControllerSofa Heartbeat: Simulation is running (Step 21400)
ControllerSofa Heartbeat: Simulation is running (Step 21500)
ControllerSofa Heartbeat: Simulation is running (Step 21600)
[3-Mag] 53/2000: Tip Z=-0.0mm | Mid Z=-0.0mm
ControllerSofa Heartbeat: Simulation is running (Step 21700)
ControllerSofa Heartbeat: Simulation is running (Step 21800)
ControllerSofa Heartbeat: Simulation is running (Step 21900)
ControllerSofa Heartbeat: Simulation is running (Step 22000)
[3-Mag] 54/2000: Tip Z=-0.0mm | Mid Z=-0.0mm
ControllerSofa Heartbeat: Simulation is running (Step 22100)
ControllerSofa Heartbeat: Simulation is running (Step 22200)
ControllerSofa Heartbeat: Simulation is running (Step 22300)
ControllerSofa Heartbeat: Simulation is running (Step 22400)
[3-Mag] 55/2000: Tip Z=0.0mm | Mid Z=0.0mm
ControllerSofa Heartbeat: Simulation is running (Step 22500)
ControllerSofa Heartbeat: Simulation is running (Step 22600)
ControllerSofa Heartbeat: Simulation is running (Step 22700)
ControllerSofa Heartbeat: Simulation is running (Step 22800)
[3-Mag] 56/2000: Tip Z=0.0mm | Mid Z=0.0mm
ControllerSofa Heartbeat: Simulation is running (Step 22900)
ControllerSofa Heartbeat: Simulation is running (Step 23000)
ControllerSofa Heartbeat: Simulation is running (Step 23100)
ControllerSofa Heartbeat: Simulation is running (Step 23200)
[3-Mag] 57/2000: Tip Z=0.0mm | Mid Z=0.0mm
ControllerSofa Heartbeat: Simulation is running (Step 23300)
ControllerSofa Heartbeat: Simulation is running (Step 23400)
ControllerSofa Heartbeat: Simulation is running (Step 23500)
ControllerSofa Heartbeat: Simulation is running (Step 23600)
[3-Mag] 58/2000: Tip Z=0.0mm | Mid Z=0.0mm
ControllerSofa Heartbeat: Simulation is running (Step 23700)
ControllerSofa Heartbeat: Simulation is running (Step 23800)
ControllerSofa Heartbeat: Simulation is running (Step 23900)
ControllerSofa Heartbeat: Simulation is running (Step 24000)
[3-Mag] 59/2000: Tip Z=0.0mm | Mid Z=0.0mm
ControllerSofa Heartbeat: Simulation is running (Step 24100)
ControllerSofa Heartbeat: Simulation is running (Step 24200)
ControllerSofa Heartbeat: Simulation is running (Step 24300)
ControllerSofa Heartbeat: Simulation is running (Step 24400)
[3-Mag] 60/2000: Tip Z=0.0mm | Mid Z=0.0mm
ControllerSofa Heartbeat: Simulation is running (Step 24500)
ControllerSofa Heartbeat: Simulation is running (Step 24600)
ControllerSofa Heartbeat: Simulation is running (Step 24700)
ControllerSofa Heartbeat: Simulation is running (Step 24800)
[3-Mag] 61/2000: Tip Z=-0.0mm | Mid Z=0.0mm
ControllerSofa Heartbeat: Simulation is running (Step 24900)
ControllerSofa Heartbeat: Simulation is running (Step 25000)
ControllerSofa Heartbeat: Simulation is running (Step 25100)
ControllerSofa Heartbeat: Simulation is running (Step 25200)
[3-Mag] 62/2000: Tip Z=0.0mm | Mid Z=0.0mm
ControllerSofa Heartbeat: Simulation is running (Step 25300)
ControllerSofa Heartbeat: Simulation is running (Step 25400)
ControllerSofa Heartbeat: Simulation is running (Step 25500)
ControllerSofa Heartbeat: Simulation is running (Step 25600)
[3-Mag] 63/2000: Tip Z=0.0mm | Mid Z=0.0mm
ControllerSofa Heartbeat: Simulation is running (Step 25700)
ControllerSofa Heartbeat: Simulation is running (Step 25800)
ControllerSofa Heartbeat: Simulation is running (Step 25900)
ControllerSofa Heartbeat: Simulation is running (Step 26000)
[3-Mag] 64/2000: Tip Z=0.0mm | Mid Z=0.0mm
ControllerSofa Heartbeat: Simulation is running (Step 26100)
ControllerSofa Heartbeat: Simulation is running (Step 26200)
ControllerSofa Heartbeat: Simulation is running (Step 26300)
ControllerSofa Heartbeat: Simulation is running (Step 26400)
[3-Mag] 65/2000: Tip Z=0.0mm | Mid Z=0.0mm
ControllerSofa Heartbeat: Simulation is running (Step 26500)
ControllerSofa Heartbeat: Simulation is running (Step 26600)
ControllerSofa Heartbeat: Simulation is running (Step 26700)
ControllerSofa Heartbeat: Simulation is running (Step 26800)
[3-Mag] 66/2000: Tip Z=0.0mm | Mid Z=0.0mm
ControllerSofa Heartbeat: Simulation is running (Step 26900)
ControllerSofa Heartbeat: Simulation is running (Step 27000)
ControllerSofa Heartbeat: Simulation is running (Step 27100)
ControllerSofa Heartbeat: Simulation is running (Step 27200)
[3-Mag] 67/2000: Tip Z=0.0mm | Mid Z=0.0mm
ControllerSofa Heartbeat: Simulation is running (Step 27300)
ControllerSofa Heartbeat: Simulation is running (Step 27400)
ControllerSofa Heartbeat: Simulation is running (Step 27500)
ControllerSofa Heartbeat: Simulation is running (Step 27600)
[3-Mag] 68/2000: Tip Z=-0.0mm | Mid Z=0.0mm
ControllerSofa Heartbeat: Simulation is running (Step 27700)
ControllerSofa Heartbeat: Simulation is running (Step 27800)
ControllerSofa Heartbeat: Simulation is running (Step 27900)
ControllerSofa Heartbeat: Simulation is running (Step 28000)
[3-Mag] 69/2000: Tip Z=0.0mm | Mid Z=0.0mm
ControllerSofa Heartbeat: Simulation is running (Step 28100)
ControllerSofa Heartbeat: Simulation is running (Step 28200)
ControllerSofa Heartbeat: Simulation is running (Step 28300)
ControllerSofa Heartbeat: Simulation is running (Step 28400)
[3-Mag] 70/2000: Tip Z=0.0mm | Mid Z=0.0mm
ControllerSofa Heartbeat: Simulation is running (Step 28500)
ControllerSofa Heartbeat: Simulation is running (Step 28600)
ControllerSofa Heartbeat: Simulation is running (Step 28700)
ControllerSofa Heartbeat: Simulation is running (Step 28800)
[3-Mag] 71/2000: Tip Z=0.0mm | Mid Z=0.0mm
ControllerSofa Heartbeat: Simulation is running (Step 28900)
ControllerSofa Heartbeat: Simulation is running (Step 29000)
ControllerSofa Heartbeat: Simulation is running (Step 29100)
ControllerSofa Heartbeat: Simulation is running (Step 29200)
[3-Mag] 72/2000: Tip Z=0.0mm | Mid Z=0.0mm
ControllerSofa Heartbeat: Simulation is running (Step 29300)
ControllerSofa Heartbeat: Simulation is running (Step 29400)
ControllerSofa Heartbeat: Simulation is running (Step 29500)
ControllerSofa Heartbeat: Simulation is running (Step 29600)
[3-Mag] 73/2000: Tip Z=0.0mm | Mid Z=0.0mm
ControllerSofa Heartbeat: Simulation is running (Step 29700)
ControllerSofa Heartbeat: Simulation is running (Step 29800)
ControllerSofa Heartbeat: Simulation is running (Step 29900)
ControllerSofa Heartbeat: Simulation is running (Step 30000)
[3-Mag] 74/2000: Tip Z=0.0mm | Mid Z=0.0mm
ControllerSofa Heartbeat: Simulation is running (Step 30100)
ControllerSofa Heartbeat: Simulation is running (Step 30200)
ControllerSofa Heartbeat: Simulation is running (Step 30300)
ControllerSofa Heartbeat: Simulation is running (Step 30400)
[3-Mag] 75/2000: Tip Z=0.0mm | Mid Z=0.0mm
ControllerSofa Heartbeat: Simulation is running (Step 30500)
ControllerSofa Heartbeat: Simulation is running (Step 30600)
ControllerSofa Heartbeat: Simulation is running (Step 30700)
ControllerSofa Heartbeat: Simulation is running (Step 30800)
[3-Mag] 76/2000: Tip Z=0.0mm | Mid Z=0.0mm
ControllerSofa Heartbeat: Simulation is running (Step 30900)
ControllerSofa Heartbeat: Simulation is running (Step 31000)
ControllerSofa Heartbeat: Simulation is running (Step 31100)
ControllerSofa Heartbeat: Simulation is running (Step 31200)
[3-Mag] 77/2000: Tip Z=0.0mm | Mid Z=0.0mm
ControllerSofa Heartbeat: Simulation is running (Step 31300)
ControllerSofa Heartbeat: Simulation is running (Step 31400)
ControllerSofa Heartbeat: Simulation is running (Step 31500)
ControllerSofa Heartbeat: Simulation is running (Step 31600)
[3-Mag] 78/2000: Tip Z=0.0mm | Mid Z=0.0mm
ControllerSofa Heartbeat: Simulation is running (Step 31700)
ControllerSofa Heartbeat: Simulation is running (Step 31800)
ControllerSofa Heartbeat: Simulation is running (Step 31900)
ControllerSofa Heartbeat: Simulation is running (Step 32000)
[3-Mag] 79/2000: Tip Z=-0.0mm | Mid Z=0.0mm
ControllerSofa Heartbeat: Simulation is running (Step 32100)
ControllerSofa Heartbeat: Simulation is running (Step 32200)
ControllerSofa Heartbeat: Simulation is running (Step 32300)
ControllerSofa Heartbeat: Simulation is running (Step 32400)
[3-Mag] 80/2000: Tip Z=-0.0mm | Mid Z=-0.0mm
ControllerSofa Heartbeat: Simulation is running (Step 32500)
ControllerSofa Heartbeat: Simulation is running (Step 32600)
ControllerSofa Heartbeat: Simulation is running (Step 32700)
ControllerSofa Heartbeat: Simulation is running (Step 32800)
[3-Mag] 81/2000: Tip Z=-0.0mm | Mid Z=-0.0mm
ControllerSofa Heartbeat: Simulation is running (Step 32900)
ControllerSofa Heartbeat: Simulation is running (Step 33000)
ControllerSofa Heartbeat: Simulation is running (Step 33100)
ControllerSofa Heartbeat: Simulation is running (Step 33200)
[3-Mag] 82/2000: Tip Z=-0.0mm | Mid Z=-0.0mm
ControllerSofa Heartbeat: Simulation is running (Step 33300)
ControllerSofa Heartbeat: Simulation is running (Step 33400)
ControllerSofa Heartbeat: Simulation is running (Step 33500)
ControllerSofa Heartbeat: Simulation is running (Step 33600)
[3-Mag] 83/2000: Tip Z=-0.0mm | Mid Z=-0.0mm
ControllerSofa Heartbeat: Simulation is running (Step 33700)
ControllerSofa Heartbeat: Simulation is running (Step 33800)
ControllerSofa Heartbeat: Simulation is running (Step 33900)
ControllerSofa Heartbeat: Simulation is running (Step 34000)
[3-Mag] 84/2000: Tip Z=-0.0mm | Mid Z=-0.0mm
ControllerSofa Heartbeat: Simulation is running (Step 34100)
ControllerSofa Heartbeat: Simulation is running (Step 34200)
ControllerSofa Heartbeat: Simulation is running (Step 34300)
ControllerSofa Heartbeat: Simulation is running (Step 34400)
[3-Mag] 85/2000: Tip Z=-0.0mm | Mid Z=-0.0mm
ControllerSofa Heartbeat: Simulation is running (Step 34500)
ControllerSofa Heartbeat: Simulation is running (Step 34600)
ControllerSofa Heartbeat: Simulation is running (Step 34700)
ControllerSofa Heartbeat: Simulation is running (Step 34800)
[3-Mag] 86/2000: Tip Z=-0.0mm | Mid Z=0.0mm
ControllerSofa Heartbeat: Simulation is running (Step 34900)
ControllerSofa Heartbeat: Simulation is running (Step 35000)
ControllerSofa Heartbeat: Simulation is running (Step 35100)
ControllerSofa Heartbeat: Simulation is running (Step 35200)
[3-Mag] 87/2000: Tip Z=0.0mm | Mid Z=0.0mm
ControllerSofa Heartbeat: Simulation is running (Step 35300)
ControllerSofa Heartbeat: Simulation is running (Step 35400)
ControllerSofa Heartbeat: Simulation is running (Step 35500)
ControllerSofa Heartbeat: Simulation is running (Step 35600)
[3-Mag] 88/2000: Tip Z=0.0mm | Mid Z=0.0mm
ControllerSofa Heartbeat: Simulation is running (Step 35700)
ControllerSofa Heartbeat: Simulation is running (Step 35800)
ControllerSofa Heartbeat: Simulation is running (Step 35900)
ControllerSofa Heartbeat: Simulation is running (Step 36000)
[3-Mag] 89/2000: Tip Z=-0.0mm | Mid Z=-0.0mm
ControllerSofa Heartbeat: Simulation is running (Step 36100)
ControllerSofa Heartbeat: Simulation is running (Step 36200)
ControllerSofa Heartbeat: Simulation is running (Step 36300)
ControllerSofa Heartbeat: Simulation is running (Step 36400)
[3-Mag] 90/2000: Tip Z=0.0mm | Mid Z=0.0mm
ControllerSofa Heartbeat: Simulation is running (Step 36500)
ControllerSofa Heartbeat: Simulation is running (Step 36600)
ControllerSofa Heartbeat: Simulation is running (Step 36700)
ControllerSofa Heartbeat: Simulation is running (Step 36800)
[3-Mag] 91/2000: Tip Z=0.0mm | Mid Z=0.0mm
ControllerSofa Heartbeat: Simulation is running (Step 36900)
ControllerSofa Heartbeat: Simulation is running (Step 37000)
ControllerSofa Heartbeat: Simulation is running (Step 37100)
ControllerSofa Heartbeat: Simulation is running (Step 37200)
[3-Mag] 92/2000: Tip Z=0.0mm | Mid Z=0.0mm
ControllerSofa Heartbeat: Simulation is running (Step 37300)
ControllerSofa Heartbeat: Simulation is running (Step 37400)
ControllerSofa Heartbeat: Simulation is running (Step 37500)
ControllerSofa Heartbeat: Simulation is running (Step 37600)
[3-Mag] 93/2000: Tip Z=0.0mm | Mid Z=0.0mm
ControllerSofa Heartbeat: Simulation is running (Step 37700)
ControllerSofa Heartbeat: Simulation is running (Step 37800)
ControllerSofa Heartbeat: Simulation is running (Step 37900)
ControllerSofa Heartbeat: Simulation is running (Step 38000)
[3-Mag] 94/2000: Tip Z=0.0mm | Mid Z=0.0mm
ControllerSofa Heartbeat: Simulation is running (Step 38100)
ControllerSofa Heartbeat: Simulation is running (Step 38200)
ControllerSofa Heartbeat: Simulation is running (Step 38300)
ControllerSofa Heartbeat: Simulation is running (Step 38400)
[3-Mag] 95/2000: Tip Z=-0.0mm | Mid Z=-0.0mm
ControllerSofa Heartbeat: Simulation is running (Step 38500)
ControllerSofa Heartbeat: Simulation is running (Step 38600)
ControllerSofa Heartbeat: Simulation is running (Step 38700)
ControllerSofa Heartbeat: Simulation is running (Step 38800)
[3-Mag] 96/2000: Tip Z=0.0mm | Mid Z=0.0mm
ControllerSofa Heartbeat: Simulation is running (Step 38900)
ControllerSofa Heartbeat: Simulation is running (Step 39000)
ControllerSofa Heartbeat: Simulation is running (Step 39100)
ControllerSofa Heartbeat: Simulation is running (Step 39200)
[3-Mag] 97/2000: Tip Z=0.0mm | Mid Z=0.0mm
ControllerSofa Heartbeat: Simulation is running (Step 39300)
ControllerSofa Heartbeat: Simulation is running (Step 39400)
ControllerSofa Heartbeat: Simulation is running (Step 39500)
ControllerSofa Heartbeat: Simulation is running (Step 39600)
[3-Mag] 98/2000: Tip Z=0.0mm | Mid Z=0.0mm
ControllerSofa Heartbeat: Simulation is running (Step 39700)
ControllerSofa Heartbeat: Simulation is running (Step 39800)
ControllerSofa Heartbeat: Simulation is running (Step 39900)
ControllerSofa Heartbeat: Simulation is running (Step 40000)
[3-Mag] 99/2000: Tip Z=-0.0mm | Mid Z=0.0mm
ControllerSofa Heartbeat: Simulation is running (Step 40100)
ControllerSofa Heartbeat: Simulation is running (Step 40200)
ControllerSofa Heartbeat: Simulation is running (Step 40300)
ControllerSofa Heartbeat: Simulation is running (Step 40400)
[3-Mag] 100/2000: Tip Z=-0.0mm | Mid Z=-0.0mm
ControllerSofa Heartbeat: Simulation is running (Step 40500)
ControllerSofa Heartbeat: Simulation is running (Step 40600)
ControllerSofa Heartbeat: Simulation is running (Step 40700)
ControllerSofa Heartbeat: Simulation is running (Step 40800)
[3-Mag] 101/2000: Tip Z=-0.0mm | Mid Z=-0.0mm
ControllerSofa Heartbeat: Simulation is running (Step 40900)
ControllerSofa Heartbeat: Simulation is running (Step 41000)
ControllerSofa Heartbeat: Simulation is running (Step 41100)
ControllerSofa Heartbeat: Simulation is running (Step 41200)
[3-Mag] 102/2000: Tip Z=-0.0mm | Mid Z=-0.0mm
ControllerSofa Heartbeat: Simulation is running (Step 41300)
ControllerSofa Heartbeat: Simulation is running (Step 41400)
ControllerSofa Heartbeat: Simulation is running (Step 41500)
ControllerSofa Heartbeat: Simulation is running (Step 41600)
[3-Mag] 103/2000: Tip Z=-0.0mm | Mid Z=0.0mm
ControllerSofa Heartbeat: Simulation is running (Step 41700)
ControllerSofa Heartbeat: Simulation is running (Step 41800)
ControllerSofa Heartbeat: Simulation is running (Step 41900)
ControllerSofa Heartbeat: Simulation is running (Step 42000)
[3-Mag] 104/2000: Tip Z=0.0mm | Mid Z=0.0mm
ControllerSofa Heartbeat: Simulation is running (Step 42100)
ControllerSofa Heartbeat: Simulation is running (Step 42200)
ControllerSofa Heartbeat: Simulation is running (Step 42300)
ControllerSofa Heartbeat: Simulation is running (Step 42400)
[3-Mag] 105/2000: Tip Z=-0.0mm | Mid Z=-0.0mm
ControllerSofa Heartbeat: Simulation is running (Step 42500)
ControllerSofa Heartbeat: Simulation is running (Step 42600)
ControllerSofa Heartbeat: Simulation is running (Step 42700)
ControllerSofa Heartbeat: Simulation is running (Step 42800)
[3-Mag] 106/2000: Tip Z=0.0mm | Mid Z=0.0mm
ControllerSofa Heartbeat: Simulation is running (Step 42900)
ControllerSofa Heartbeat: Simulation is running (Step 43000)
ControllerSofa Heartbeat: Simulation is running (Step 43100)
ControllerSofa Heartbeat: Simulation is running (Step 43200)
[3-Mag] 107/2000: Tip Z=0.0mm | Mid Z=0.0mm
ControllerSofa Heartbeat: Simulation is running (Step 43300)
ControllerSofa Heartbeat: Simulation is running (Step 43400)
ControllerSofa Heartbeat: Simulation is running (Step 43500)
ControllerSofa Heartbeat: Simulation is running (Step 43600)
[3-Mag] 108/2000: Tip Z=-0.0mm | Mid Z=-0.0mm
ControllerSofa Heartbeat: Simulation is running (Step 43700)
ControllerSofa Heartbeat: Simulation is running (Step 43800)
ControllerSofa Heartbeat: Simulation is running (Step 43900)
ControllerSofa Heartbeat: Simulation is running (Step 44000)
[3-Mag] 109/2000: Tip Z=-0.0mm | Mid Z=-0.0mm
ControllerSofa Heartbeat: Simulation is running (Step 44100)
ControllerSofa Heartbeat: Simulation is running (Step 44200)
ControllerSofa Heartbeat: Simulation is running (Step 44300)
ControllerSofa Heartbeat: Simulation is running (Step 44400)
[3-Mag] 110/2000: Tip Z=-0.0mm | Mid Z=-0.0mm
ControllerSofa Heartbeat: Simulation is running (Step 44500)
ControllerSofa Heartbeat: Simulation is running (Step 44600)
ControllerSofa Heartbeat: Simulation is running (Step 44700)
ControllerSofa Heartbeat: Simulation is running (Step 44800)
[3-Mag] 111/2000: Tip Z=0.0mm | Mid Z=0.0mm
ControllerSofa Heartbeat: Simulation is running (Step 44900)
ControllerSofa Heartbeat: Simulation is running (Step 45000)
ControllerSofa Heartbeat: Simulation is running (Step 45100)
ControllerSofa Heartbeat: Simulation is running (Step 45200)
[3-Mag] 112/2000: Tip Z=0.0mm | Mid Z=0.0mm
ControllerSofa Heartbeat: Simulation is running (Step 45300)
ControllerSofa Heartbeat: Simulation is running (Step 45400)
ControllerSofa Heartbeat: Simulation is running (Step 45500)
ControllerSofa Heartbeat: Simulation is running (Step 45600)
[3-Mag] 113/2000: Tip Z=0.0mm | Mid Z=0.0mm
ControllerSofa Heartbeat: Simulation is running (Step 45700)
ControllerSofa Heartbeat: Simulation is running (Step 45800)
ControllerSofa Heartbeat: Simulation is running (Step 45900)
ControllerSofa Heartbeat: Simulation is running (Step 46000)
[3-Mag] 114/2000: Tip Z=0.0mm | Mid Z=0.0mm
ControllerSofa Heartbeat: Simulation is running (Step 46100)
ControllerSofa Heartbeat: Simulation is running (Step 46200)
ControllerSofa Heartbeat: Simulation is running (Step 46300)
ControllerSofa Heartbeat: Simulation is running (Step 46400)
[3-Mag] 115/2000: Tip Z=0.0mm | Mid Z=0.0mm
ControllerSofa Heartbeat: Simulation is running (Step 46500)
ControllerSofa Heartbeat: Simulation is running (Step 46600)
ControllerSofa Heartbeat: Simulation is running (Step 46700)
ControllerSofa Heartbeat: Simulation is running (Step 46800)
[3-Mag] 116/2000: Tip Z=-0.0mm | Mid Z=-0.0mm
ControllerSofa Heartbeat: Simulation is running (Step 46900)
ControllerSofa Heartbeat: Simulation is running (Step 47000)
ControllerSofa Heartbeat: Simulation is running (Step 47100)
ControllerSofa Heartbeat: Simulation is running (Step 47200)
[3-Mag] 117/2000: Tip Z=-0.0mm | Mid Z=-0.0mm
ControllerSofa Heartbeat: Simulation is running (Step 47300)
ControllerSofa Heartbeat: Simulation is running (Step 47400)
ControllerSofa Heartbeat: Simulation is running (Step 47500)
ControllerSofa Heartbeat: Simulation is running (Step 47600)
[3-Mag] 118/2000: Tip Z=-0.0mm | Mid Z=-0.0mm
ControllerSofa Heartbeat: Simulation is running (Step 47700)
ControllerSofa Heartbeat: Simulation is running (Step 47800)
ControllerSofa Heartbeat: Simulation is running (Step 47900)
ControllerSofa Heartbeat: Simulation is running (Step 48000)
[3-Mag] 119/2000: Tip Z=0.0mm | Mid Z=0.0mm
ControllerSofa Heartbeat: Simulation is running (Step 48100)
ControllerSofa Heartbeat: Simulation is running (Step 48200)
ControllerSofa Heartbeat: Simulation is running (Step 48300)
ControllerSofa Heartbeat: Simulation is running (Step 48400)
[3-Mag] 120/2000: Tip Z=0.0mm | Mid Z=0.0mm
ControllerSofa Heartbeat: Simulation is running (Step 48500)
ControllerSofa Heartbeat: Simulation is running (Step 48600)
ControllerSofa Heartbeat: Simulation is running (Step 48700)
ControllerSofa Heartbeat: Simulation is running (Step 48800)
[3-Mag] 121/2000: Tip Z=-0.0mm | Mid Z=-0.0mm
ControllerSofa Heartbeat: Simulation is running (Step 48900)
ControllerSofa Heartbeat: Simulation is running (Step 49000)
ControllerSofa Heartbeat: Simulation is running (Step 49100)
ControllerSofa Heartbeat: Simulation is running (Step 49200)
[3-Mag] 122/2000: Tip Z=-0.0mm | Mid Z=-0.0mm
ControllerSofa Heartbeat: Simulation is running (Step 49300)
ControllerSofa Heartbeat: Simulation is running (Step 49400)
ControllerSofa Heartbeat: Simulation is running (Step 49500)
ControllerSofa Heartbeat: Simulation is running (Step 49600)
[3-Mag] 123/2000: Tip Z=0.0mm | Mid Z=0.0mm
ControllerSofa Heartbeat: Simulation is running (Step 49700)
ControllerSofa Heartbeat: Simulation is running (Step 49800)
ControllerSofa Heartbeat: Simulation is running (Step 49900)
ControllerSofa Heartbeat: Simulation is running (Step 50000)
[3-Mag] 124/2000: Tip Z=-0.0mm | Mid Z=-0.0mm
ControllerSofa Heartbeat: Simulation is running (Step 50100)
ControllerSofa Heartbeat: Simulation is running (Step 50200)
ControllerSofa Heartbeat: Simulation is running (Step 50300)
ControllerSofa Heartbeat: Simulation is running (Step 50400)
[3-Mag] 125/2000: Tip Z=-0.0mm | Mid Z=-0.0mm
ControllerSofa Heartbeat: Simulation is running (Step 50500)
ControllerSofa Heartbeat: Simulation is running (Step 50600)
ControllerSofa Heartbeat: Simulation is running (Step 50700)
ControllerSofa Heartbeat: Simulation is running (Step 50800)
[3-Mag] 126/2000: Tip Z=-0.0mm | Mid Z=-0.0mm
ControllerSofa Heartbeat: Simulation is running (Step 50900)
ControllerSofa Heartbeat: Simulation is running (Step 51000)
ControllerSofa Heartbeat: Simulation is running (Step 51100)
ControllerSofa Heartbeat: Simulation is running (Step 51200)
[3-Mag] 127/2000: Tip Z=-0.0mm | Mid Z=-0.0mm
ControllerSofa Heartbeat: Simulation is running (Step 51300)
ControllerSofa Heartbeat: Simulation is running (Step 51400)
ControllerSofa Heartbeat: Simulation is running (Step 51500)
ControllerSofa Heartbeat: Simulation is running (Step 51600)
[3-Mag] 128/2000: Tip Z=0.0mm | Mid Z=0.0mm
ControllerSofa Heartbeat: Simulation is running (Step 51700)
ControllerSofa Heartbeat: Simulation is running (Step 51800)
ControllerSofa Heartbeat: Simulation is running (Step 51900)
ControllerSofa Heartbeat: Simulation is running (Step 52000)
[3-Mag] 129/2000: Tip Z=-0.0mm | Mid Z=-0.0mm
ControllerSofa Heartbeat: Simulation is running (Step 52100)
ControllerSofa Heartbeat: Simulation is running (Step 52200)
ControllerSofa Heartbeat: Simulation is running (Step 52300)
ControllerSofa Heartbeat: Simulation is running (Step 52400)
[3-Mag] 130/2000: Tip Z=0.0mm | Mid Z=0.0mm
ControllerSofa Heartbeat: Simulation is running (Step 52500)
ControllerSofa Heartbeat: Simulation is running (Step 52600)
ControllerSofa Heartbeat: Simulation is running (Step 52700)
ControllerSofa Heartbeat: Simulation is running (Step 52800)
[3-Mag] 131/2000: Tip Z=0.0mm | Mid Z=0.0mm
ControllerSofa Heartbeat: Simulation is running (Step 52900)
ControllerSofa Heartbeat: Simulation is running (Step 53000)
ControllerSofa Heartbeat: Simulation is running (Step 53100)
ControllerSofa Heartbeat: Simulation is running (Step 53200)
[3-Mag] 132/2000: Tip Z=-0.0mm | Mid Z=-0.0mm
ControllerSofa Heartbeat: Simulation is running (Step 53300)
ControllerSofa Heartbeat: Simulation is running (Step 53400)
ControllerSofa Heartbeat: Simulation is running (Step 53500)
ControllerSofa Heartbeat: Simulation is running (Step 53600)
[3-Mag] 133/2000: Tip Z=-0.0mm | Mid Z=-0.0mm
ControllerSofa Heartbeat: Simulation is running (Step 53700)
ControllerSofa Heartbeat: Simulation is running (Step 53800)
ControllerSofa Heartbeat: Simulation is running (Step 53900)
ControllerSofa Heartbeat: Simulation is running (Step 54000)
[3-Mag] 134/2000: Tip Z=0.0mm | Mid Z=0.0mm
ControllerSofa Heartbeat: Simulation is running (Step 54100)
ControllerSofa Heartbeat: Simulation is running (Step 54200)
ControllerSofa Heartbeat: Simulation is running (Step 54300)
ControllerSofa Heartbeat: Simulation is running (Step 54400)
[3-Mag] 135/2000: Tip Z=-0.0mm | Mid Z=-0.0mm
ControllerSofa Heartbeat: Simulation is running (Step 54500)
ControllerSofa Heartbeat: Simulation is running (Step 54600)
ControllerSofa Heartbeat: Simulation is running (Step 54700)
ControllerSofa Heartbeat: Simulation is running (Step 54800)
[3-Mag] 136/2000: Tip Z=0.0mm | Mid Z=-0.0mm
ControllerSofa Heartbeat: Simulation is running (Step 54900)
ControllerSofa Heartbeat: Simulation is running (Step 55000)
ControllerSofa Heartbeat: Simulation is running (Step 55100)
ControllerSofa Heartbeat: Simulation is running (Step 55200)
[3-Mag] 137/2000: Tip Z=0.0mm | Mid Z=0.0mm
ControllerSofa Heartbeat: Simulation is running (Step 55300)
ControllerSofa Heartbeat: Simulation is running (Step 55400)
ControllerSofa Heartbeat: Simulation is running (Step 55500)
ControllerSofa Heartbeat: Simulation is running (Step 55600)
[3-Mag] 138/2000: Tip Z=-0.0mm | Mid Z=-0.0mm
ControllerSofa Heartbeat: Simulation is running (Step 55700)
ControllerSofa Heartbeat: Simulation is running (Step 55800)
ControllerSofa Heartbeat: Simulation is running (Step 55900)
ControllerSofa Heartbeat: Simulation is running (Step 56000)
[3-Mag] 139/2000: Tip Z=0.0mm | Mid Z=0.0mm
ControllerSofa Heartbeat: Simulation is running (Step 56100)
ControllerSofa Heartbeat: Simulation is running (Step 56200)
ControllerSofa Heartbeat: Simulation is running (Step 56300)
ControllerSofa Heartbeat: Simulation is running (Step 56400)
[3-Mag] 140/2000: Tip Z=0.0mm | Mid Z=0.0mm
ControllerSofa Heartbeat: Simulation is running (Step 56500)
ControllerSofa Heartbeat: Simulation is running (Step 56600)
ControllerSofa Heartbeat: Simulation is running (Step 56700)
ControllerSofa Heartbeat: Simulation is running (Step 56800)
[3-Mag] 141/2000: Tip Z=-0.0mm | Mid Z=-0.0mm
ControllerSofa Heartbeat: Simulation is running (Step 56900)
ControllerSofa Heartbeat: Simulation is running (Step 57000)
ControllerSofa Heartbeat: Simulation is running (Step 57100)
ControllerSofa Heartbeat: Simulation is running (Step 57200)
[3-Mag] 142/2000: Tip Z=0.0mm | Mid Z=0.0mm
ControllerSofa Heartbeat: Simulation is running (Step 57300)
ControllerSofa Heartbeat: Simulation is running (Step 57400)
ControllerSofa Heartbeat: Simulation is running (Step 57500)
ControllerSofa Heartbeat: Simulation is running (Step 57600)
[3-Mag] 143/2000: Tip Z=0.0mm | Mid Z=-0.0mm
ControllerSofa Heartbeat: Simulation is running (Step 57700)
ControllerSofa Heartbeat: Simulation is running (Step 57800)
ControllerSofa Heartbeat: Simulation is running (Step 57900)
ControllerSofa Heartbeat: Simulation is running (Step 58000)
[3-Mag] 144/2000: Tip Z=0.0mm | Mid Z=0.0mm
ControllerSofa Heartbeat: Simulation is running (Step 58100)
ControllerSofa Heartbeat: Simulation is running (Step 58200)
ControllerSofa Heartbeat: Simulation is running (Step 58300)
ControllerSofa Heartbeat: Simulation is running (Step 58400)
[3-Mag] 145/2000: Tip Z=-0.0mm | Mid Z=-0.0mm
ControllerSofa Heartbeat: Simulation is running (Step 58500)
ControllerSofa Heartbeat: Simulation is running (Step 58600)
ControllerSofa Heartbeat: Simulation is running (Step 58700)
ControllerSofa Heartbeat: Simulation is running (Step 58800)
[3-Mag] 146/2000: Tip Z=0.0mm | Mid Z=0.0mm
ControllerSofa Heartbeat: Simulation is running (Step 58900)
ControllerSofa Heartbeat: Simulation is running (Step 59000)
ControllerSofa Heartbeat: Simulation is running (Step 59100)
ControllerSofa Heartbeat: Simulation is running (Step 59200)
[3-Mag] 147/2000: Tip Z=0.0mm | Mid Z=0.0mm
ControllerSofa Heartbeat: Simulation is running (Step 59300)
ControllerSofa Heartbeat: Simulation is running (Step 59400)
ControllerSofa Heartbeat: Simulation is running (Step 59500)
ControllerSofa Heartbeat: Simulation is running (Step 59600)
[3-Mag] 148/2000: Tip Z=0.0mm | Mid Z=0.0mm
ControllerSofa Heartbeat: Simulation is running (Step 59700)
ControllerSofa Heartbeat: Simulation is running (Step 59800)
ControllerSofa Heartbeat: Simulation is running (Step 59900)
ControllerSofa Heartbeat: Simulation is running (Step 60000)
[3-Mag] 149/2000: Tip Z=0.0mm | Mid Z=0.0mm
ControllerSofa Heartbeat: Simulation is running (Step 60100)
ControllerSofa Heartbeat: Simulation is running (Step 60200)
ControllerSofa Heartbeat: Simulation is running (Step 60300)
ControllerSofa Heartbeat: Simulation is running (Step 60400)
[3-Mag] 150/2000: Tip Z=0.0mm | Mid Z=0.0mm
ControllerSofa Heartbeat: Simulation is running (Step 60500)
ControllerSofa Heartbeat: Simulation is running (Step 60600)
ControllerSofa Heartbeat: Simulation is running (Step 60700)
ControllerSofa Heartbeat: Simulation is running (Step 60800)
[3-Mag] 151/2000: Tip Z=0.0mm | Mid Z=0.0mm
ControllerSofa Heartbeat: Simulation is running (Step 60900)
ControllerSofa Heartbeat: Simulation is running (Step 61000)
ControllerSofa Heartbeat: Simulation is running (Step 61100)
ControllerSofa Heartbeat: Simulation is running (Step 61200)
[3-Mag] 152/2000: Tip Z=0.0mm | Mid Z=0.0mm
ControllerSofa Heartbeat: Simulation is running (Step 61300)
ControllerSofa Heartbeat: Simulation is running (Step 61400)
ControllerSofa Heartbeat: Simulation is running (Step 61500)
ControllerSofa Heartbeat: Simulation is running (Step 61600)
[3-Mag] 153/2000: Tip Z=0.0mm | Mid Z=0.0mm
ControllerSofa Heartbeat: Simulation is running (Step 61700)
ControllerSofa Heartbeat: Simulation is running (Step 61800)
ControllerSofa Heartbeat: Simulation is running (Step 61900)
ControllerSofa Heartbeat: Simulation is running (Step 62000)
[3-Mag] 154/2000: Tip Z=0.0mm | Mid Z=0.0mm
ControllerSofa Heartbeat: Simulation is running (Step 62100)
ControllerSofa Heartbeat: Simulation is running (Step 62200)
ControllerSofa Heartbeat: Simulation is running (Step 62300)
ControllerSofa Heartbeat: Simulation is running (Step 62400)
[3-Mag] 155/2000: Tip Z=0.0mm | Mid Z=0.0mm
ControllerSofa Heartbeat: Simulation is running (Step 62500)
ControllerSofa Heartbeat: Simulation is running (Step 62600)
ControllerSofa Heartbeat: Simulation is running (Step 62700)
ControllerSofa Heartbeat: Simulation is running (Step 62800)
[3-Mag] 156/2000: Tip Z=0.0mm | Mid Z=0.0mm
ControllerSofa Heartbeat: Simulation is running (Step 62900)
ControllerSofa Heartbeat: Simulation is running (Step 63000)
ControllerSofa Heartbeat: Simulation is running (Step 63100)
ControllerSofa Heartbeat: Simulation is running (Step 63200)
[3-Mag] 157/2000: Tip Z=0.0mm | Mid Z=0.0mm
ControllerSofa Heartbeat: Simulation is running (Step 63300)
ControllerSofa Heartbeat: Simulation is running (Step 63400)
ControllerSofa Heartbeat: Simulation is running (Step 63500)
ControllerSofa Heartbeat: Simulation is running (Step 63600)
[3-Mag] 158/2000: Tip Z=0.0mm | Mid Z=0.0mm
ControllerSofa Heartbeat: Simulation is running (Step 63700)
ControllerSofa Heartbeat: Simulation is running (Step 63800)
ControllerSofa Heartbeat: Simulation is running (Step 63900)
ControllerSofa Heartbeat: Simulation is running (Step 64000)
[3-Mag] 159/2000: Tip Z=0.0mm | Mid Z=0.0mm
ControllerSofa Heartbeat: Simulation is running (Step 64100)
ControllerSofa Heartbeat: Simulation is running (Step 64200)
ControllerSofa Heartbeat: Simulation is running (Step 64300)
ControllerSofa Heartbeat: Simulation is running (Step 64400)
[3-Mag] 160/2000: Tip Z=0.0mm | Mid Z=0.0mm
ControllerSofa Heartbeat: Simulation is running (Step 64500)
ControllerSofa Heartbeat: Simulation is running (Step 64600)
ControllerSofa Heartbeat: Simulation is running (Step 64700)
ControllerSofa Heartbeat: Simulation is running (Step 64800)
[3-Mag] 161/2000: Tip Z=-0.0mm | Mid Z=0.0mm
ControllerSofa Heartbeat: Simulation is running (Step 64900)
ControllerSofa Heartbeat: Simulation is running (Step 65000)
ControllerSofa Heartbeat: Simulation is running (Step 65100)
ControllerSofa Heartbeat: Simulation is running (Step 65200)
[3-Mag] 162/2000: Tip Z=0.0mm | Mid Z=0.0mm
ControllerSofa Heartbeat: Simulation is running (Step 65300)
ControllerSofa Heartbeat: Simulation is running (Step 65400)
ControllerSofa Heartbeat: Simulation is running (Step 65500)
ControllerSofa Heartbeat: Simulation is running (Step 65600)
[3-Mag] 163/2000: Tip Z=0.0mm | Mid Z=0.0mm
ControllerSofa Heartbeat: Simulation is running (Step 65700)
ControllerSofa Heartbeat: Simulation is running (Step 65800)
ControllerSofa Heartbeat: Simulation is running (Step 65900)
ControllerSofa Heartbeat: Simulation is running (Step 66000)
[3-Mag] 164/2000: Tip Z=0.0mm | Mid Z=0.0mm
ControllerSofa Heartbeat: Simulation is running (Step 66100)
ControllerSofa Heartbeat: Simulation is running (Step 66200)
ControllerSofa Heartbeat: Simulation is running (Step 66300)
ControllerSofa Heartbeat: Simulation is running (Step 66400)
[3-Mag] 165/2000: Tip Z=0.0mm | Mid Z=0.0mm
ControllerSofa Heartbeat: Simulation is running (Step 66500)
ControllerSofa Heartbeat: Simulation is running (Step 66600)
ControllerSofa Heartbeat: Simulation is running (Step 66700)
ControllerSofa Heartbeat: Simulation is running (Step 66800)
[3-Mag] 166/2000: Tip Z=0.0mm | Mid Z=0.0mm
ControllerSofa Heartbeat: Simulation is running (Step 66900)
ControllerSofa Heartbeat: Simulation is running (Step 67000)
ControllerSofa Heartbeat: Simulation is running (Step 67100)
ControllerSofa Heartbeat: Simulation is running (Step 67200)
[3-Mag] 167/2000: Tip Z=-0.0mm | Mid Z=0.0mm
ControllerSofa Heartbeat: Simulation is running (Step 67300)
ControllerSofa Heartbeat: Simulation is running (Step 67400)
ControllerSofa Heartbeat: Simulation is running (Step 67500)
ControllerSofa Heartbeat: Simulation is running (Step 67600)
[3-Mag] 168/2000: Tip Z=0.0mm | Mid Z=0.0mm
ControllerSofa Heartbeat: Simulation is running (Step 67700)
ControllerSofa Heartbeat: Simulation is running (Step 67800)
ControllerSofa Heartbeat: Simulation is running (Step 67900)
ControllerSofa Heartbeat: Simulation is running (Step 68000)
[3-Mag] 169/2000: Tip Z=0.0mm | Mid Z=0.0mm
ControllerSofa Heartbeat: Simulation is running (Step 68100)
ControllerSofa Heartbeat: Simulation is running (Step 68200)
ControllerSofa Heartbeat: Simulation is running (Step 68300)
ControllerSofa Heartbeat: Simulation is running (Step 68400)
[3-Mag] 170/2000: Tip Z=0.0mm | Mid Z=0.0mm
ControllerSofa Heartbeat: Simulation is running (Step 68500)
ControllerSofa Heartbeat: Simulation is running (Step 68600)
ControllerSofa Heartbeat: Simulation is running (Step 68700)
ControllerSofa Heartbeat: Simulation is running (Step 68800)
[3-Mag] 171/2000: Tip Z=0.0mm | Mid Z=0.0mm
ControllerSofa Heartbeat: Simulation is running (Step 68900)
ControllerSofa Heartbeat: Simulation is running (Step 69000)
ControllerSofa Heartbeat: Simulation is running (Step 69100)
ControllerSofa Heartbeat: Simulation is running (Step 69200)
[3-Mag] 172/2000: Tip Z=0.0mm | Mid Z=0.0mm
ControllerSofa Heartbeat: Simulation is running (Step 69300)
ControllerSofa Heartbeat: Simulation is running (Step 69400)
ControllerSofa Heartbeat: Simulation is running (Step 69500)
ControllerSofa Heartbeat: Simulation is running (Step 69600)
[3-Mag] 173/2000: Tip Z=0.0mm | Mid Z=0.0mm
ControllerSofa Heartbeat: Simulation is running (Step 69700)
ControllerSofa Heartbeat: Simulation is running (Step 69800)
ControllerSofa Heartbeat: Simulation is running (Step 69900)
ControllerSofa Heartbeat: Simulation is running (Step 70000)
[3-Mag] 174/2000: Tip Z=0.0mm | Mid Z=0.0mm
ControllerSofa Heartbeat: Simulation is running (Step 70100)
ControllerSofa Heartbeat: Simulation is running (Step 70200)
ControllerSofa Heartbeat: Simulation is running (Step 70300)
ControllerSofa Heartbeat: Simulation is running (Step 70400)
[3-Mag] 175/2000: Tip Z=-0.0mm | Mid Z=0.0mm
ControllerSofa Heartbeat: Simulation is running (Step 70500)
ControllerSofa Heartbeat: Simulation is running (Step 70600)
ControllerSofa Heartbeat: Simulation is running (Step 70700)
ControllerSofa Heartbeat: Simulation is running (Step 70800)
[3-Mag] 176/2000: Tip Z=0.0mm | Mid Z=0.0mm
ControllerSofa Heartbeat: Simulation is running (Step 70900)
ControllerSofa Heartbeat: Simulation is running (Step 71000)
ControllerSofa Heartbeat: Simulation is running (Step 71100)
ControllerSofa Heartbeat: Simulation is running (Step 71200)
[3-Mag] 177/2000: Tip Z=-0.0mm | Mid Z=0.0mm
ControllerSofa Heartbeat: Simulation is running (Step 71300)
ControllerSofa Heartbeat: Simulation is running (Step 71400)
ControllerSofa Heartbeat: Simulation is running (Step 71500)
ControllerSofa Heartbeat: Simulation is running (Step 71600)
[3-Mag] 178/2000: Tip Z=-0.0mm | Mid Z=0.0mm
ControllerSofa Heartbeat: Simulation is running (Step 71700)
ControllerSofa Heartbeat: Simulation is running (Step 71800)
ControllerSofa Heartbeat: Simulation is running (Step 71900)
ControllerSofa Heartbeat: Simulation is running (Step 72000)
[3-Mag] 179/2000: Tip Z=0.0mm | Mid Z=0.0mm
ControllerSofa Heartbeat: Simulation is running (Step 72100)
ControllerSofa Heartbeat: Simulation is running (Step 72200)
ControllerSofa Heartbeat: Simulation is running (Step 72300)
ControllerSofa Heartbeat: Simulation is running (Step 72400)
[3-Mag] 180/2000: Tip Z=0.0mm | Mid Z=0.0mm
ControllerSofa Heartbeat: Simulation is running (Step 72500)
ControllerSofa Heartbeat: Simulation is running (Step 72600)
ControllerSofa Heartbeat: Simulation is running (Step 72700)
ControllerSofa Heartbeat: Simulation is running (Step 72800)
[3-Mag] 181/2000: Tip Z=0.0mm | Mid Z=0.0mm
ControllerSofa Heartbeat: Simulation is running (Step 72900)
ControllerSofa Heartbeat: Simulation is running (Step 73000)
ControllerSofa Heartbeat: Simulation is running (Step 73100)
ControllerSofa Heartbeat: Simulation is running (Step 73200)
[3-Mag] 182/2000: Tip Z=-0.0mm | Mid Z=-0.0mm
ControllerSofa Heartbeat: Simulation is running (Step 73300)
ControllerSofa Heartbeat: Simulation is running (Step 73400)
ControllerSofa Heartbeat: Simulation is running (Step 73500)
ControllerSofa Heartbeat: Simulation is running (Step 73600)
[3-Mag] 183/2000: Tip Z=-0.0mm | Mid Z=-0.0mm
ControllerSofa Heartbeat: Simulation is running (Step 73700)
ControllerSofa Heartbeat: Simulation is running (Step 73800)
ControllerSofa Heartbeat: Simulation is running (Step 73900)
ControllerSofa Heartbeat: Simulation is running (Step 74000)
[3-Mag] 184/2000: Tip Z=0.0mm | Mid Z=0.0mm
ControllerSofa Heartbeat: Simulation is running (Step 74100)
ControllerSofa Heartbeat: Simulation is running (Step 74200)
ControllerSofa Heartbeat: Simulation is running (Step 74300)
ControllerSofa Heartbeat: Simulation is running (Step 74400)
[3-Mag] 185/2000: Tip Z=0.0mm | Mid Z=0.0mm
ControllerSofa Heartbeat: Simulation is running (Step 74500)
ControllerSofa Heartbeat: Simulation is running (Step 74600)
ControllerSofa Heartbeat: Simulation is running (Step 74700)
ControllerSofa Heartbeat: Simulation is running (Step 74800)
[3-Mag] 186/2000: Tip Z=-0.0mm | Mid Z=0.0mm
ControllerSofa Heartbeat: Simulation is running (Step 74900)
ControllerSofa Heartbeat: Simulation is running (Step 75000)
ControllerSofa Heartbeat: Simulation is running (Step 75100)
ControllerSofa Heartbeat: Simulation is running (Step 75200)
[3-Mag] 187/2000: Tip Z=0.0mm | Mid Z=0.0mm
ControllerSofa Heartbeat: Simulation is running (Step 75300)
ControllerSofa Heartbeat: Simulation is running (Step 75400)
ControllerSofa Heartbeat: Simulation is running (Step 75500)
ControllerSofa Heartbeat: Simulation is running (Step 75600)
[3-Mag] 188/2000: Tip Z=0.0mm | Mid Z=0.0mm
ControllerSofa Heartbeat: Simulation is running (Step 75700)
ControllerSofa Heartbeat: Simulation is running (Step 75800)
ControllerSofa Heartbeat: Simulation is running (Step 75900)
ControllerSofa Heartbeat: Simulation is running (Step 76000)
[3-Mag] 189/2000: Tip Z=0.0mm | Mid Z=0.0mm
ControllerSofa Heartbeat: Simulation is running (Step 76100)
ControllerSofa Heartbeat: Simulation is running (Step 76200)
ControllerSofa Heartbeat: Simulation is running (Step 76300)
ControllerSofa Heartbeat: Simulation is running (Step 76400)
[3-Mag] 190/2000: Tip Z=0.0mm | Mid Z=0.0mm
ControllerSofa Heartbeat: Simulation is running (Step 76500)
ControllerSofa Heartbeat: Simulation is running (Step 76600)
ControllerSofa Heartbeat: Simulation is running (Step 76700)
ControllerSofa Heartbeat: Simulation is running (Step 76800)
[3-Mag] 191/2000: Tip Z=-0.0mm | Mid Z=0.0mm
ControllerSofa Heartbeat: Simulation is running (Step 76900)
ControllerSofa Heartbeat: Simulation is running (Step 77000)
ControllerSofa Heartbeat: Simulation is running (Step 77100)
ControllerSofa Heartbeat: Simulation is running (Step 77200)
[3-Mag] 192/2000: Tip Z=0.0mm | Mid Z=0.0mm
ControllerSofa Heartbeat: Simulation is running (Step 77300)
ControllerSofa Heartbeat: Simulation is running (Step 77400)
ControllerSofa Heartbeat: Simulation is running (Step 77500)
ControllerSofa Heartbeat: Simulation is running (Step 77600)
[3-Mag] 193/2000: Tip Z=0.0mm | Mid Z=0.0mm
ControllerSofa Heartbeat: Simulation is running (Step 77700)
ControllerSofa Heartbeat: Simulation is running (Step 77800)
ControllerSofa Heartbeat: Simulation is running (Step 77900)
ControllerSofa Heartbeat: Simulation is running (Step 78000)
[3-Mag] 194/2000: Tip Z=0.0mm | Mid Z=0.0mm
ControllerSofa Heartbeat: Simulation is running (Step 78100)
ControllerSofa Heartbeat: Simulation is running (Step 78200)
ControllerSofa Heartbeat: Simulation is running (Step 78300)
ControllerSofa Heartbeat: Simulation is running (Step 78400)
[3-Mag] 195/2000: Tip Z=0.0mm | Mid Z=0.0mm
ControllerSofa Heartbeat: Simulation is running (Step 78500)
ControllerSofa Heartbeat: Simulation is running (Step 78600)
ControllerSofa Heartbeat: Simulation is running (Step 78700)
ControllerSofa Heartbeat: Simulation is running (Step 78800)
[3-Mag] 196/2000: Tip Z=0.0mm | Mid Z=0.0mm
ControllerSofa Heartbeat: Simulation is running (Step 78900)
ControllerSofa Heartbeat: Simulation is running (Step 79000)
ControllerSofa Heartbeat: Simulation is running (Step 79100)
ControllerSofa Heartbeat: Simulation is running (Step 79200)
[3-Mag] 197/2000: Tip Z=0.0mm | Mid Z=0.0mm
ControllerSofa Heartbeat: Simulation is running (Step 79300)
ControllerSofa Heartbeat: Simulation is running (Step 79400)
ControllerSofa Heartbeat: Simulation is running (Step 79500)
ControllerSofa Heartbeat: Simulation is running (Step 79600)
[3-Mag] 198/2000: Tip Z=0.0mm | Mid Z=0.0mm
ControllerSofa Heartbeat: Simulation is running (Step 79700)
ControllerSofa Heartbeat: Simulation is running (Step 79800)
ControllerSofa Heartbeat: Simulation is running (Step 79900)
ControllerSofa Heartbeat: Simulation is running (Step 80000)
[3-Mag] 199/2000: Tip Z=0.0mm | Mid Z=0.0mm
ControllerSofa Heartbeat: Simulation is running (Step 80100)
ControllerSofa Heartbeat: Simulation is running (Step 80200)
ControllerSofa Heartbeat: Simulation is running (Step 80300)
ControllerSofa Heartbeat: Simulation is running (Step 80400)
[3-Mag] 200/2000: Tip Z=-0.0mm | Mid Z=-0.0mm
ControllerSofa Heartbeat: Simulation is running (Step 80500)
ControllerSofa Heartbeat: Simulation is running (Step 80600)
ControllerSofa Heartbeat: Simulation is running (Step 80700)
ControllerSofa Heartbeat: Simulation is running (Step 80800)
[3-Mag] 201/2000: Tip Z=-0.0mm | Mid Z=-0.0mm
ControllerSofa Heartbeat: Simulation is running (Step 80900)
ControllerSofa Heartbeat: Simulation is running (Step 81000)
ControllerSofa Heartbeat: Simulation is running (Step 81100)
ControllerSofa Heartbeat: Simulation is running (Step 81200)
[3-Mag] 202/2000: Tip Z=-0.0mm | Mid Z=-0.0mm
ControllerSofa Heartbeat: Simulation is running (Step 81300)
ControllerSofa Heartbeat: Simulation is running (Step 81400)
ControllerSofa Heartbeat: Simulation is running (Step 81500)
ControllerSofa Heartbeat: Simulation is running (Step 81600)
[3-Mag] 203/2000: Tip Z=-0.0mm | Mid Z=-0.0mm
ControllerSofa Heartbeat: Simulation is running (Step 81700)
ControllerSofa Heartbeat: Simulation is running (Step 81800)
ControllerSofa Heartbeat: Simulation is running (Step 81900)
ControllerSofa Heartbeat: Simulation is running (Step 82000)
[3-Mag] 204/2000: Tip Z=-0.0mm | Mid Z=-0.0mm
ControllerSofa Heartbeat: Simulation is running (Step 82100)
ControllerSofa Heartbeat: Simulation is running (Step 82200)
ControllerSofa Heartbeat: Simulation is running (Step 82300)
ControllerSofa Heartbeat: Simulation is running (Step 82400)
[3-Mag] 205/2000: Tip Z=-0.0mm | Mid Z=-0.0mm
ControllerSofa Heartbeat: Simulation is running (Step 82500)
ControllerSofa Heartbeat: Simulation is running (Step 82600)
ControllerSofa Heartbeat: Simulation is running (Step 82700)
ControllerSofa Heartbeat: Simulation is running (Step 82800)
[3-Mag] 206/2000: Tip Z=0.0mm | Mid Z=0.0mm
ControllerSofa Heartbeat: Simulation is running (Step 82900)
ControllerSofa Heartbeat: Simulation is running (Step 83000)
ControllerSofa Heartbeat: Simulation is running (Step 83100)
ControllerSofa Heartbeat: Simulation is running (Step 83200)
[3-Mag] 207/2000: Tip Z=0.0mm | Mid Z=0.0mm
ControllerSofa Heartbeat: Simulation is running (Step 83300)
ControllerSofa Heartbeat: Simulation is running (Step 83400)
ControllerSofa Heartbeat: Simulation is running (Step 83500)
ControllerSofa Heartbeat: Simulation is running (Step 83600)
[3-Mag] 208/2000: Tip Z=-0.0mm | Mid Z=-0.0mm
ControllerSofa Heartbeat: Simulation is running (Step 83700)
ControllerSofa Heartbeat: Simulation is running (Step 83800)
ControllerSofa Heartbeat: Simulation is running (Step 83900)
ControllerSofa Heartbeat: Simulation is running (Step 84000)
[3-Mag] 209/2000: Tip Z=0.0mm | Mid Z=0.0mm
ControllerSofa Heartbeat: Simulation is running (Step 84100)
ControllerSofa Heartbeat: Simulation is running (Step 84200)
ControllerSofa Heartbeat: Simulation is running (Step 84300)
ControllerSofa Heartbeat: Simulation is running (Step 84400)
[3-Mag] 210/2000: Tip Z=0.0mm | Mid Z=0.0mm
ControllerSofa Heartbeat: Simulation is running (Step 84500)
ControllerSofa Heartbeat: Simulation is running (Step 84600)
ControllerSofa Heartbeat: Simulation is running (Step 84700)
ControllerSofa Heartbeat: Simulation is running (Step 84800)
[3-Mag] 211/2000: Tip Z=0.0mm | Mid Z=0.0mm
ControllerSofa Heartbeat: Simulation is running (Step 84900)
ControllerSofa Heartbeat: Simulation is running (Step 85000)
ControllerSofa Heartbeat: Simulation is running (Step 85100)
ControllerSofa Heartbeat: Simulation is running (Step 85200)
[3-Mag] 212/2000: Tip Z=-0.0mm | Mid Z=-0.0mm
ControllerSofa Heartbeat: Simulation is running (Step 85300)
ControllerSofa Heartbeat: Simulation is running (Step 85400)
ControllerSofa Heartbeat: Simulation is running (Step 85500)
ControllerSofa Heartbeat: Simulation is running (Step 85600)
[3-Mag] 213/2000: Tip Z=0.0mm | Mid Z=0.0mm
ControllerSofa Heartbeat: Simulation is running (Step 85700)
ControllerSofa Heartbeat: Simulation is running (Step 85800)
ControllerSofa Heartbeat: Simulation is running (Step 85900)
ControllerSofa Heartbeat: Simulation is running (Step 86000)
[3-Mag] 214/2000: Tip Z=0.0mm | Mid Z=0.0mm
ControllerSofa Heartbeat: Simulation is running (Step 86100)
ControllerSofa Heartbeat: Simulation is running (Step 86200)
ControllerSofa Heartbeat: Simulation is running (Step 86300)
ControllerSofa Heartbeat: Simulation is running (Step 86400)
[3-Mag] 215/2000: Tip Z=-0.0mm | Mid Z=-0.0mm
ControllerSofa Heartbeat: Simulation is running (Step 86500)
ControllerSofa Heartbeat: Simulation is running (Step 86600)
ControllerSofa Heartbeat: Simulation is running (Step 86700)
ControllerSofa Heartbeat: Simulation is running (Step 86800)
[3-Mag] 216/2000: Tip Z=0.0mm | Mid Z=-0.0mm
ControllerSofa Heartbeat: Simulation is running (Step 86900)
ControllerSofa Heartbeat: Simulation is running (Step 87000)
ControllerSofa Heartbeat: Simulation is running (Step 87100)
ControllerSofa Heartbeat: Simulation is running (Step 87200)
[3-Mag] 217/2000: Tip Z=0.0mm | Mid Z=-0.0mm
ControllerSofa Heartbeat: Simulation is running (Step 87300)
ControllerSofa Heartbeat: Simulation is running (Step 87400)
ControllerSofa Heartbeat: Simulation is running (Step 87500)
ControllerSofa Heartbeat: Simulation is running (Step 87600)
[3-Mag] 218/2000: Tip Z=-0.0mm | Mid Z=-0.0mm
ControllerSofa Heartbeat: Simulation is running (Step 87700)
ControllerSofa Heartbeat: Simulation is running (Step 87800)
ControllerSofa Heartbeat: Simulation is running (Step 87900)
ControllerSofa Heartbeat: Simulation is running (Step 88000)
[3-Mag] 219/2000: Tip Z=-0.0mm | Mid Z=-0.0mm
ControllerSofa Heartbeat: Simulation is running (Step 88100)
ControllerSofa Heartbeat: Simulation is running (Step 88200)
ControllerSofa Heartbeat: Simulation is running (Step 88300)
ControllerSofa Heartbeat: Simulation is running (Step 88400)
[3-Mag] 220/2000: Tip Z=-0.0mm | Mid Z=-0.0mm
ControllerSofa Heartbeat: Simulation is running (Step 88500)
ControllerSofa Heartbeat: Simulation is running (Step 88600)
ControllerSofa Heartbeat: Simulation is running (Step 88700)
ControllerSofa Heartbeat: Simulation is running (Step 88800)
[3-Mag] 221/2000: Tip Z=-0.0mm | Mid Z=-0.0mm
ControllerSofa Heartbeat: Simulation is running (Step 88900)
ControllerSofa Heartbeat: Simulation is running (Step 89000)
ControllerSofa Heartbeat: Simulation is running (Step 89100)
ControllerSofa Heartbeat: Simulation is running (Step 89200)
[3-Mag] 222/2000: Tip Z=0.0mm | Mid Z=0.0mm
ControllerSofa Heartbeat: Simulation is running (Step 89300)
ControllerSofa Heartbeat: Simulation is running (Step 89400)
ControllerSofa Heartbeat: Simulation is running (Step 89500)
ControllerSofa Heartbeat: Simulation is running (Step 89600)
[3-Mag] 223/2000: Tip Z=0.0mm | Mid Z=0.0mm
ControllerSofa Heartbeat: Simulation is running (Step 89700)
ControllerSofa Heartbeat: Simulation is running (Step 89800)
ControllerSofa Heartbeat: Simulation is running (Step 89900)
ControllerSofa Heartbeat: Simulation is running (Step 90000)
[3-Mag] 224/2000: Tip Z=0.0mm | Mid Z=0.0mm
ControllerSofa Heartbeat: Simulation is running (Step 90100)
ControllerSofa Heartbeat: Simulation is running (Step 90200)
ControllerSofa Heartbeat: Simulation is running (Step 90300)
ControllerSofa Heartbeat: Simulation is running (Step 90400)
[3-Mag] 225/2000: Tip Z=0.0mm | Mid Z=0.0mm
ControllerSofa Heartbeat: Simulation is running (Step 90500)
ControllerSofa Heartbeat: Simulation is running (Step 90600)
ControllerSofa Heartbeat: Simulation is running (Step 90700)
ControllerSofa Heartbeat: Simulation is running (Step 90800)
[3-Mag] 226/2000: Tip Z=0.0mm | Mid Z=0.0mm
ControllerSofa Heartbeat: Simulation is running (Step 90900)
ControllerSofa Heartbeat: Simulation is running (Step 91000)
ControllerSofa Heartbeat: Simulation is running (Step 91100)
ControllerSofa Heartbeat: Simulation is running (Step 91200)
[3-Mag] 227/2000: Tip Z=0.0mm | Mid Z=0.0mm
ControllerSofa Heartbeat: Simulation is running (Step 91300)
ControllerSofa Heartbeat: Simulation is running (Step 91400)
ControllerSofa Heartbeat: Simulation is running (Step 91500)
ControllerSofa Heartbeat: Simulation is running (Step 91600)
[3-Mag] 228/2000: Tip Z=-0.0mm | Mid Z=0.0mm
ControllerSofa Heartbeat: Simulation is running (Step 91700)
ControllerSofa Heartbeat: Simulation is running (Step 91800)
ControllerSofa Heartbeat: Simulation is running (Step 91900)
ControllerSofa Heartbeat: Simulation is running (Step 92000)
[3-Mag] 229/2000: Tip Z=-0.0mm | Mid Z=0.0mm
ControllerSofa Heartbeat: Simulation is running (Step 92100)
ControllerSofa Heartbeat: Simulation is running (Step 92200)
ControllerSofa Heartbeat: Simulation is running (Step 92300)
ControllerSofa Heartbeat: Simulation is running (Step 92400)
[3-Mag] 230/2000: Tip Z=-0.0mm | Mid Z=0.0mm
ControllerSofa Heartbeat: Simulation is running (Step 92500)
ControllerSofa Heartbeat: Simulation is running (Step 92600)
ControllerSofa Heartbeat: Simulation is running (Step 92700)
ControllerSofa Heartbeat: Simulation is running (Step 92800)
[3-Mag] 231/2000: Tip Z=-0.0mm | Mid Z=0.0mm
ControllerSofa Heartbeat: Simulation is running (Step 92900)
ControllerSofa Heartbeat: Simulation is running (Step 93000)
ControllerSofa Heartbeat: Simulation is running (Step 93100)
ControllerSofa Heartbeat: Simulation is running (Step 93200)
[3-Mag] 232/2000: Tip Z=0.0mm | Mid Z=0.0mm
ControllerSofa Heartbeat: Simulation is running (Step 93300)
ControllerSofa Heartbeat: Simulation is running (Step 93400)
ControllerSofa Heartbeat: Simulation is running (Step 93500)
ControllerSofa Heartbeat: Simulation is running (Step 93600)
[3-Mag] 233/2000: Tip Z=0.0mm | Mid Z=0.0mm
ControllerSofa Heartbeat: Simulation is running (Step 93700)
ControllerSofa Heartbeat: Simulation is running (Step 93800)
ControllerSofa Heartbeat: Simulation is running (Step 93900)
ControllerSofa Heartbeat: Simulation is running (Step 94000)
[3-Mag] 234/2000: Tip Z=-0.0mm | Mid Z=0.0mm
ControllerSofa Heartbeat: Simulation is running (Step 94100)
ControllerSofa Heartbeat: Simulation is running (Step 94200)
ControllerSofa Heartbeat: Simulation is running (Step 94300)
ControllerSofa Heartbeat: Simulation is running (Step 94400)
[3-Mag] 235/2000: Tip Z=0.0mm | Mid Z=0.0mm
ControllerSofa Heartbeat: Simulation is running (Step 94500)
ControllerSofa Heartbeat: Simulation is running (Step 94600)
ControllerSofa Heartbeat: Simulation is running (Step 94700)
ControllerSofa Heartbeat: Simulation is running (Step 94800)
[3-Mag] 236/2000: Tip Z=0.0mm | Mid Z=0.0mm
ControllerSofa Heartbeat: Simulation is running (Step 94900)
ControllerSofa Heartbeat: Simulation is running (Step 95000)
ControllerSofa Heartbeat: Simulation is running (Step 95100)
ControllerSofa Heartbeat: Simulation is running (Step 95200)
[3-Mag] 237/2000: Tip Z=-0.0mm | Mid Z=-0.0mm
ControllerSofa Heartbeat: Simulation is running (Step 95300)
ControllerSofa Heartbeat: Simulation is running (Step 95400)
ControllerSofa Heartbeat: Simulation is running (Step 95500)
ControllerSofa Heartbeat: Simulation is running (Step 95600)
[3-Mag] 238/2000: Tip Z=0.0mm | Mid Z=0.0mm
ControllerSofa Heartbeat: Simulation is running (Step 95700)
ControllerSofa Heartbeat: Simulation is running (Step 95800)
ControllerSofa Heartbeat: Simulation is running (Step 95900)
ControllerSofa Heartbeat: Simulation is running (Step 96000)
[3-Mag] 239/2000: Tip Z=-0.0mm | Mid Z=-0.0mm
ControllerSofa Heartbeat: Simulation is running (Step 96100)
ControllerSofa Heartbeat: Simulation is running (Step 96200)
ControllerSofa Heartbeat: Simulation is running (Step 96300)
ControllerSofa Heartbeat: Simulation is running (Step 96400)
[3-Mag] 240/2000: Tip Z=-0.0mm | Mid Z=-0.0mm
ControllerSofa Heartbeat: Simulation is running (Step 96500)
ControllerSofa Heartbeat: Simulation is running (Step 96600)
ControllerSofa Heartbeat: Simulation is running (Step 96700)
ControllerSofa Heartbeat: Simulation is running (Step 96800)
[3-Mag] 241/2000: Tip Z=-0.0mm | Mid Z=-0.0mm
ControllerSofa Heartbeat: Simulation is running (Step 96900)
ControllerSofa Heartbeat: Simulation is running (Step 97000)
ControllerSofa Heartbeat: Simulation is running (Step 97100)
ControllerSofa Heartbeat: Simulation is running (Step 97200)
[3-Mag] 242/2000: Tip Z=0.0mm | Mid Z=0.0mm
ControllerSofa Heartbeat: Simulation is running (Step 97300)
ControllerSofa Heartbeat: Simulation is running (Step 97400)
ControllerSofa Heartbeat: Simulation is running (Step 97500)
ControllerSofa Heartbeat: Simulation is running (Step 97600)
[3-Mag] 243/2000: Tip Z=0.0mm | Mid Z=0.0mm
ControllerSofa Heartbeat: Simulation is running (Step 97700)
ControllerSofa Heartbeat: Simulation is running (Step 97800)
ControllerSofa Heartbeat: Simulation is running (Step 97900)
ControllerSofa Heartbeat: Simulation is running (Step 98000)
[3-Mag] 244/2000: Tip Z=0.0mm | Mid Z=0.0mm
ControllerSofa Heartbeat: Simulation is running (Step 98100)
ControllerSofa Heartbeat: Simulation is running (Step 98200)
ControllerSofa Heartbeat: Simulation is running (Step 98300)
ControllerSofa Heartbeat: Simulation is running (Step 98400)
[3-Mag] 245/2000: Tip Z=0.0mm | Mid Z=0.0mm
ControllerSofa Heartbeat: Simulation is running (Step 98500)
ControllerSofa Heartbeat: Simulation is running (Step 98600)
ControllerSofa Heartbeat: Simulation is running (Step 98700)
ControllerSofa Heartbeat: Simulation is running (Step 98800)
[3-Mag] 246/2000: Tip Z=0.0mm | Mid Z=0.0mm
ControllerSofa Heartbeat: Simulation is running (Step 98900)
ControllerSofa Heartbeat: Simulation is running (Step 99000)
ControllerSofa Heartbeat: Simulation is running (Step 99100)
ControllerSofa Heartbeat: Simulation is running (Step 99200)
[3-Mag] 247/2000: Tip Z=-0.0mm | Mid Z=-0.0mm
ControllerSofa Heartbeat: Simulation is running (Step 99300)
ControllerSofa Heartbeat: Simulation is running (Step 99400)
ControllerSofa Heartbeat: Simulation is running (Step 99500)
ControllerSofa Heartbeat: Simulation is running (Step 99600)
[3-Mag] 248/2000: Tip Z=0.0mm | Mid Z=0.0mm
ControllerSofa Heartbeat: Simulation is running (Step 99700)
ControllerSofa Heartbeat: Simulation is running (Step 99800)
ControllerSofa Heartbeat: Simulation is running (Step 99900)
ControllerSofa Heartbeat: Simulation is running (Step 100000)
[3-Mag] 249/2000: Tip Z=-0.0mm | Mid Z=-0.0mm
ControllerSofa Heartbeat: Simulation is running (Step 100100)
ControllerSofa Heartbeat: Simulation is running (Step 100200)
ControllerSofa Heartbeat: Simulation is running (Step 100300)
ControllerSofa Heartbeat: Simulation is running (Step 100400)
[3-Mag] 250/2000: Tip Z=0.0mm | Mid Z=0.0mm
ControllerSofa Heartbeat: Simulation is running (Step 100500)
ControllerSofa Heartbeat: Simulation is running (Step 100600)
ControllerSofa Heartbeat: Simulation is running (Step 100700)
ControllerSofa Heartbeat: Simulation is running (Step 100800)
[3-Mag] 251/2000: Tip Z=0.0mm | Mid Z=0.0mm
ControllerSofa Heartbeat: Simulation is running (Step 100900)
ControllerSofa Heartbeat: Simulation is running (Step 101000)
ControllerSofa Heartbeat: Simulation is running (Step 101100)
ControllerSofa Heartbeat: Simulation is running (Step 101200)
[3-Mag] 252/2000: Tip Z=0.0mm | Mid Z=0.0mm
ControllerSofa Heartbeat: Simulation is running (Step 101300)
ControllerSofa Heartbeat: Simulation is running (Step 101400)
ControllerSofa Heartbeat: Simulation is running (Step 101500)
ControllerSofa Heartbeat: Simulation is running (Step 101600)
[3-Mag] 253/2000: Tip Z=0.0mm | Mid Z=0.0mm
ControllerSofa Heartbeat: Simulation is running (Step 101700)
ControllerSofa Heartbeat: Simulation is running (Step 101800)
ControllerSofa Heartbeat: Simulation is running (Step 101900)
ControllerSofa Heartbeat: Simulation is running (Step 102000)
[3-Mag] 254/2000: Tip Z=0.0mm | Mid Z=0.0mm
ControllerSofa Heartbeat: Simulation is running (Step 102100)
ControllerSofa Heartbeat: Simulation is running (Step 102200)
ControllerSofa Heartbeat: Simulation is running (Step 102300)
ControllerSofa Heartbeat: Simulation is running (Step 102400)
[3-Mag] 255/2000: Tip Z=0.0mm | Mid Z=-0.0mm
ControllerSofa Heartbeat: Simulation is running (Step 102500)
ControllerSofa Heartbeat: Simulation is running (Step 102600)
ControllerSofa Heartbeat: Simulation is running (Step 102700)